ARM GAS  /tmp/ccbbWWIL.s 			page 1


   1              		.cpu cortex-m4
   2              		.eabi_attribute 27, 1
   3              		.eabi_attribute 28, 1
   4              		.eabi_attribute 20, 1
   5              		.eabi_attribute 21, 1
   6              		.eabi_attribute 23, 3
   7              		.eabi_attribute 24, 1
   8              		.eabi_attribute 25, 1
   9              		.eabi_attribute 26, 1
  10              		.eabi_attribute 30, 1
  11              		.eabi_attribute 34, 1
  12              		.eabi_attribute 18, 4
  13              		.file	"lim.c"
  14              		.text
  15              	.Ltext0:
  16              		.cfi_sections	.debug_frame
  17              		.comm	ccsPhase,8,4
  18              		.comm	ccsReady,2,4
  19              		.comm	ccsRequest,2,4
  20              		.comm	i3LIMChargingState,2,2
  21              	.Letext0:
  22              		.file 1 "/usr/include/newlib/machine/_default_types.h"
  23              		.file 2 "/usr/include/newlib/sys/_stdint.h"
  24              		.file 3 "Drivers/CMSIS/Include/core_cm4.h"
  25              		.file 4 "Drivers/CMSIS/Device/ST/STM32F4xx/Include/system_stm32f4xx.h"
  26              		.file 5 "Drivers/STM32F4xx_HAL_Driver/Inc/stm32f4xx_hal.h"
  27              		.file 6 "Core/Inc/lim.h"
  28              		.file 7 "Core/Src/lim.c"
ARM GAS  /tmp/ccbbWWIL.s 			page 2


DEFINED SYMBOLS
                            *ABS*:0000000000000000 lim.c
                            *COM*:0000000000000008 ccsPhase
                            *COM*:0000000000000002 ccsReady
                            *COM*:0000000000000002 ccsRequest
                            *COM*:0000000000000002 i3LIMChargingState

NO UNDEFINED SYMBOLS
