ARM GAS  /tmp/ccYydxwW.s 			page 1


   1              		.cpu cortex-m4
   2              		.eabi_attribute 27, 1
   3              		.eabi_attribute 28, 1
   4              		.eabi_attribute 20, 1
   5              		.eabi_attribute 21, 1
   6              		.eabi_attribute 23, 3
   7              		.eabi_attribute 24, 1
   8              		.eabi_attribute 25, 1
   9              		.eabi_attribute 26, 1
  10              		.eabi_attribute 30, 1
  11              		.eabi_attribute 34, 1
  12              		.eabi_attribute 18, 4
  13              		.file	"stm32f4xx_hal_iwdg.c"
  14              		.text
  15              	.Ltext0:
  16              		.cfi_sections	.debug_frame
  17              		.section	.text.HAL_IWDG_Init,"ax",%progbits
  18              		.align	1
  19              		.global	HAL_IWDG_Init
  20              		.syntax unified
  21              		.thumb
  22              		.thumb_func
  23              		.fpu fpv4-sp-d16
  25              	HAL_IWDG_Init:
  26              	.LFB130:
  27              		.file 1 "Drivers/STM32F4xx_HAL_Driver/Src/stm32f4xx_hal_iwdg.c"
   1:Drivers/STM32F4xx_HAL_Driver/Src/stm32f4xx_hal_iwdg.c **** /**
   2:Drivers/STM32F4xx_HAL_Driver/Src/stm32f4xx_hal_iwdg.c ****   ******************************************************************************
   3:Drivers/STM32F4xx_HAL_Driver/Src/stm32f4xx_hal_iwdg.c ****   * @file    stm32f4xx_hal_iwdg.c
   4:Drivers/STM32F4xx_HAL_Driver/Src/stm32f4xx_hal_iwdg.c ****   * @author  MCD Application Team
   5:Drivers/STM32F4xx_HAL_Driver/Src/stm32f4xx_hal_iwdg.c ****   * @brief   IWDG HAL module driver.
   6:Drivers/STM32F4xx_HAL_Driver/Src/stm32f4xx_hal_iwdg.c ****   *          This file provides firmware functions to manage the following
   7:Drivers/STM32F4xx_HAL_Driver/Src/stm32f4xx_hal_iwdg.c ****   *          functionalities of the Independent Watchdog (IWDG) peripheral:
   8:Drivers/STM32F4xx_HAL_Driver/Src/stm32f4xx_hal_iwdg.c ****   *           + Initialization and Start functions
   9:Drivers/STM32F4xx_HAL_Driver/Src/stm32f4xx_hal_iwdg.c ****   *           + IO operation functions
  10:Drivers/STM32F4xx_HAL_Driver/Src/stm32f4xx_hal_iwdg.c ****   *
  11:Drivers/STM32F4xx_HAL_Driver/Src/stm32f4xx_hal_iwdg.c ****   @verbatim
  12:Drivers/STM32F4xx_HAL_Driver/Src/stm32f4xx_hal_iwdg.c ****   ==============================================================================
  13:Drivers/STM32F4xx_HAL_Driver/Src/stm32f4xx_hal_iwdg.c ****                     ##### IWDG Generic features #####
  14:Drivers/STM32F4xx_HAL_Driver/Src/stm32f4xx_hal_iwdg.c ****   ==============================================================================
  15:Drivers/STM32F4xx_HAL_Driver/Src/stm32f4xx_hal_iwdg.c ****   [..]
  16:Drivers/STM32F4xx_HAL_Driver/Src/stm32f4xx_hal_iwdg.c ****     (+) The IWDG can be started by either software or hardware (configurable
  17:Drivers/STM32F4xx_HAL_Driver/Src/stm32f4xx_hal_iwdg.c ****         through option byte).
  18:Drivers/STM32F4xx_HAL_Driver/Src/stm32f4xx_hal_iwdg.c **** 
  19:Drivers/STM32F4xx_HAL_Driver/Src/stm32f4xx_hal_iwdg.c ****     (+) The IWDG is clocked by Low-Speed clock (LSI) and thus stays active even
  20:Drivers/STM32F4xx_HAL_Driver/Src/stm32f4xx_hal_iwdg.c ****         if the main clock fails.
  21:Drivers/STM32F4xx_HAL_Driver/Src/stm32f4xx_hal_iwdg.c **** 
  22:Drivers/STM32F4xx_HAL_Driver/Src/stm32f4xx_hal_iwdg.c ****     (+) Once the IWDG is started, the LSI is forced ON and both can not be
  23:Drivers/STM32F4xx_HAL_Driver/Src/stm32f4xx_hal_iwdg.c ****         disabled. The counter starts counting down from the reset value (0xFFF).
  24:Drivers/STM32F4xx_HAL_Driver/Src/stm32f4xx_hal_iwdg.c ****         When it reaches the end of count value (0x000) a reset signal is
  25:Drivers/STM32F4xx_HAL_Driver/Src/stm32f4xx_hal_iwdg.c ****         generated (IWDG reset).
  26:Drivers/STM32F4xx_HAL_Driver/Src/stm32f4xx_hal_iwdg.c **** 
  27:Drivers/STM32F4xx_HAL_Driver/Src/stm32f4xx_hal_iwdg.c ****     (+) Whenever the key value 0x0000 AAAA is written in the IWDG_KR register,
  28:Drivers/STM32F4xx_HAL_Driver/Src/stm32f4xx_hal_iwdg.c ****         the IWDG_RLR value is reloaded in the counter and the watchdog reset is
  29:Drivers/STM32F4xx_HAL_Driver/Src/stm32f4xx_hal_iwdg.c ****         prevented.
  30:Drivers/STM32F4xx_HAL_Driver/Src/stm32f4xx_hal_iwdg.c **** 
  31:Drivers/STM32F4xx_HAL_Driver/Src/stm32f4xx_hal_iwdg.c ****     (+) The IWDG is implemented in the VDD voltage domain that is still functional
ARM GAS  /tmp/ccYydxwW.s 			page 2


  32:Drivers/STM32F4xx_HAL_Driver/Src/stm32f4xx_hal_iwdg.c ****         in STOP and STANDBY mode (IWDG reset can wake-up from STANDBY).
  33:Drivers/STM32F4xx_HAL_Driver/Src/stm32f4xx_hal_iwdg.c ****         IWDGRST flag in RCC_CSR register can be used to inform when an IWDG
  34:Drivers/STM32F4xx_HAL_Driver/Src/stm32f4xx_hal_iwdg.c ****         reset occurs.
  35:Drivers/STM32F4xx_HAL_Driver/Src/stm32f4xx_hal_iwdg.c **** 
  36:Drivers/STM32F4xx_HAL_Driver/Src/stm32f4xx_hal_iwdg.c ****     (+) Debug mode : When the microcontroller enters debug mode (core halted),
  37:Drivers/STM32F4xx_HAL_Driver/Src/stm32f4xx_hal_iwdg.c ****         the IWDG counter either continues to work normally or stops, depending
  38:Drivers/STM32F4xx_HAL_Driver/Src/stm32f4xx_hal_iwdg.c ****         on DBG_IWDG_STOP configuration bit in DBG module, accessible through
  39:Drivers/STM32F4xx_HAL_Driver/Src/stm32f4xx_hal_iwdg.c ****         __HAL_DBGMCU_FREEZE_IWDG() and __HAL_DBGMCU_UNFREEZE_IWDG() macros.
  40:Drivers/STM32F4xx_HAL_Driver/Src/stm32f4xx_hal_iwdg.c **** 
  41:Drivers/STM32F4xx_HAL_Driver/Src/stm32f4xx_hal_iwdg.c ****     [..] Min-max timeout value @32KHz (LSI): ~125us / ~32.7s
  42:Drivers/STM32F4xx_HAL_Driver/Src/stm32f4xx_hal_iwdg.c ****          The IWDG timeout may vary due to LSI frequency dispersion. STM32F4xx
  43:Drivers/STM32F4xx_HAL_Driver/Src/stm32f4xx_hal_iwdg.c ****          devices provide the capability to measure the LSI frequency (LSI clock
  44:Drivers/STM32F4xx_HAL_Driver/Src/stm32f4xx_hal_iwdg.c ****          connected internally to TIM5 CH4 input capture). The measured value
  45:Drivers/STM32F4xx_HAL_Driver/Src/stm32f4xx_hal_iwdg.c ****          can be used to have an IWDG timeout with an acceptable accuracy.
  46:Drivers/STM32F4xx_HAL_Driver/Src/stm32f4xx_hal_iwdg.c **** 
  47:Drivers/STM32F4xx_HAL_Driver/Src/stm32f4xx_hal_iwdg.c ****                      ##### How to use this driver #####
  48:Drivers/STM32F4xx_HAL_Driver/Src/stm32f4xx_hal_iwdg.c ****   ==============================================================================
  49:Drivers/STM32F4xx_HAL_Driver/Src/stm32f4xx_hal_iwdg.c ****   [..]
  50:Drivers/STM32F4xx_HAL_Driver/Src/stm32f4xx_hal_iwdg.c ****     (#) Use IWDG using HAL_IWDG_Init() function to :
  51:Drivers/STM32F4xx_HAL_Driver/Src/stm32f4xx_hal_iwdg.c ****       (++) Enable instance by writing Start keyword in IWDG_KEY register. LSI
  52:Drivers/STM32F4xx_HAL_Driver/Src/stm32f4xx_hal_iwdg.c ****            clock is forced ON and IWDG counter starts counting down.
  53:Drivers/STM32F4xx_HAL_Driver/Src/stm32f4xx_hal_iwdg.c ****       (++) Enable write access to configuration registers:
  54:Drivers/STM32F4xx_HAL_Driver/Src/stm32f4xx_hal_iwdg.c ****           IWDG_PR and IWDG_RLR.
  55:Drivers/STM32F4xx_HAL_Driver/Src/stm32f4xx_hal_iwdg.c ****       (++) Configure the IWDG prescaler and counter reload value. This reload
  56:Drivers/STM32F4xx_HAL_Driver/Src/stm32f4xx_hal_iwdg.c ****            value will be loaded in the IWDG counter each time the watchdog is
  57:Drivers/STM32F4xx_HAL_Driver/Src/stm32f4xx_hal_iwdg.c ****            reloaded, then the IWDG will start counting down from this value.
  58:Drivers/STM32F4xx_HAL_Driver/Src/stm32f4xx_hal_iwdg.c ****       (++) Wait for status flags to be reset.
  59:Drivers/STM32F4xx_HAL_Driver/Src/stm32f4xx_hal_iwdg.c **** 
  60:Drivers/STM32F4xx_HAL_Driver/Src/stm32f4xx_hal_iwdg.c ****     (#) Then the application program must refresh the IWDG counter at regular
  61:Drivers/STM32F4xx_HAL_Driver/Src/stm32f4xx_hal_iwdg.c ****         intervals during normal operation to prevent an MCU reset, using
  62:Drivers/STM32F4xx_HAL_Driver/Src/stm32f4xx_hal_iwdg.c ****         HAL_IWDG_Refresh() function.
  63:Drivers/STM32F4xx_HAL_Driver/Src/stm32f4xx_hal_iwdg.c **** 
  64:Drivers/STM32F4xx_HAL_Driver/Src/stm32f4xx_hal_iwdg.c ****      *** IWDG HAL driver macros list ***
  65:Drivers/STM32F4xx_HAL_Driver/Src/stm32f4xx_hal_iwdg.c ****      ====================================
  66:Drivers/STM32F4xx_HAL_Driver/Src/stm32f4xx_hal_iwdg.c ****      [..]
  67:Drivers/STM32F4xx_HAL_Driver/Src/stm32f4xx_hal_iwdg.c ****        Below the list of most used macros in IWDG HAL driver:
  68:Drivers/STM32F4xx_HAL_Driver/Src/stm32f4xx_hal_iwdg.c ****       (+) __HAL_IWDG_START: Enable the IWDG peripheral
  69:Drivers/STM32F4xx_HAL_Driver/Src/stm32f4xx_hal_iwdg.c ****       (+) __HAL_IWDG_RELOAD_COUNTER: Reloads IWDG counter with value defined in
  70:Drivers/STM32F4xx_HAL_Driver/Src/stm32f4xx_hal_iwdg.c ****           the reload register
  71:Drivers/STM32F4xx_HAL_Driver/Src/stm32f4xx_hal_iwdg.c **** 
  72:Drivers/STM32F4xx_HAL_Driver/Src/stm32f4xx_hal_iwdg.c ****   @endverbatim
  73:Drivers/STM32F4xx_HAL_Driver/Src/stm32f4xx_hal_iwdg.c ****   ******************************************************************************
  74:Drivers/STM32F4xx_HAL_Driver/Src/stm32f4xx_hal_iwdg.c ****   * @attention
  75:Drivers/STM32F4xx_HAL_Driver/Src/stm32f4xx_hal_iwdg.c ****   *
  76:Drivers/STM32F4xx_HAL_Driver/Src/stm32f4xx_hal_iwdg.c ****   * <h2><center>&copy; Copyright (c) 2016 STMicroelectronics.
  77:Drivers/STM32F4xx_HAL_Driver/Src/stm32f4xx_hal_iwdg.c ****   * All rights reserved.</center></h2>
  78:Drivers/STM32F4xx_HAL_Driver/Src/stm32f4xx_hal_iwdg.c ****   *
  79:Drivers/STM32F4xx_HAL_Driver/Src/stm32f4xx_hal_iwdg.c ****   * This software component is licensed by ST under BSD 3-Clause license,
  80:Drivers/STM32F4xx_HAL_Driver/Src/stm32f4xx_hal_iwdg.c ****   * the "License"; You may not use this file except in compliance with the
  81:Drivers/STM32F4xx_HAL_Driver/Src/stm32f4xx_hal_iwdg.c ****   * License. You may obtain a copy of the License at:
  82:Drivers/STM32F4xx_HAL_Driver/Src/stm32f4xx_hal_iwdg.c ****   *                        opensource.org/licenses/BSD-3-Clause
  83:Drivers/STM32F4xx_HAL_Driver/Src/stm32f4xx_hal_iwdg.c ****   *
  84:Drivers/STM32F4xx_HAL_Driver/Src/stm32f4xx_hal_iwdg.c ****   ******************************************************************************
  85:Drivers/STM32F4xx_HAL_Driver/Src/stm32f4xx_hal_iwdg.c ****   */
  86:Drivers/STM32F4xx_HAL_Driver/Src/stm32f4xx_hal_iwdg.c **** 
  87:Drivers/STM32F4xx_HAL_Driver/Src/stm32f4xx_hal_iwdg.c **** /* Includes ------------------------------------------------------------------*/
  88:Drivers/STM32F4xx_HAL_Driver/Src/stm32f4xx_hal_iwdg.c **** #include "stm32f4xx_hal.h"
ARM GAS  /tmp/ccYydxwW.s 			page 3


  89:Drivers/STM32F4xx_HAL_Driver/Src/stm32f4xx_hal_iwdg.c **** 
  90:Drivers/STM32F4xx_HAL_Driver/Src/stm32f4xx_hal_iwdg.c **** /** @addtogroup STM32F4xx_HAL_Driver
  91:Drivers/STM32F4xx_HAL_Driver/Src/stm32f4xx_hal_iwdg.c ****   * @{
  92:Drivers/STM32F4xx_HAL_Driver/Src/stm32f4xx_hal_iwdg.c ****   */
  93:Drivers/STM32F4xx_HAL_Driver/Src/stm32f4xx_hal_iwdg.c **** 
  94:Drivers/STM32F4xx_HAL_Driver/Src/stm32f4xx_hal_iwdg.c **** #ifdef HAL_IWDG_MODULE_ENABLED
  95:Drivers/STM32F4xx_HAL_Driver/Src/stm32f4xx_hal_iwdg.c **** /** @addtogroup IWDG
  96:Drivers/STM32F4xx_HAL_Driver/Src/stm32f4xx_hal_iwdg.c ****   * @brief IWDG HAL module driver.
  97:Drivers/STM32F4xx_HAL_Driver/Src/stm32f4xx_hal_iwdg.c ****   * @{
  98:Drivers/STM32F4xx_HAL_Driver/Src/stm32f4xx_hal_iwdg.c ****   */
  99:Drivers/STM32F4xx_HAL_Driver/Src/stm32f4xx_hal_iwdg.c **** 
 100:Drivers/STM32F4xx_HAL_Driver/Src/stm32f4xx_hal_iwdg.c **** /* Private typedef -----------------------------------------------------------*/
 101:Drivers/STM32F4xx_HAL_Driver/Src/stm32f4xx_hal_iwdg.c **** /* Private define ------------------------------------------------------------*/
 102:Drivers/STM32F4xx_HAL_Driver/Src/stm32f4xx_hal_iwdg.c **** /** @defgroup IWDG_Private_Defines IWDG Private Defines
 103:Drivers/STM32F4xx_HAL_Driver/Src/stm32f4xx_hal_iwdg.c ****   * @{
 104:Drivers/STM32F4xx_HAL_Driver/Src/stm32f4xx_hal_iwdg.c ****   */
 105:Drivers/STM32F4xx_HAL_Driver/Src/stm32f4xx_hal_iwdg.c **** /* Status register need 5 RC LSI divided by prescaler clock to be updated. With
 106:Drivers/STM32F4xx_HAL_Driver/Src/stm32f4xx_hal_iwdg.c ****    higher prescaler (256), and according to LSI variation, we need to wait at
 107:Drivers/STM32F4xx_HAL_Driver/Src/stm32f4xx_hal_iwdg.c ****    least 6 cycles so 48 ms. */
 108:Drivers/STM32F4xx_HAL_Driver/Src/stm32f4xx_hal_iwdg.c **** #define HAL_IWDG_DEFAULT_TIMEOUT            48u
 109:Drivers/STM32F4xx_HAL_Driver/Src/stm32f4xx_hal_iwdg.c **** /**
 110:Drivers/STM32F4xx_HAL_Driver/Src/stm32f4xx_hal_iwdg.c ****   * @}
 111:Drivers/STM32F4xx_HAL_Driver/Src/stm32f4xx_hal_iwdg.c ****   */
 112:Drivers/STM32F4xx_HAL_Driver/Src/stm32f4xx_hal_iwdg.c **** 
 113:Drivers/STM32F4xx_HAL_Driver/Src/stm32f4xx_hal_iwdg.c **** /* Private macro -------------------------------------------------------------*/
 114:Drivers/STM32F4xx_HAL_Driver/Src/stm32f4xx_hal_iwdg.c **** /* Private variables ---------------------------------------------------------*/
 115:Drivers/STM32F4xx_HAL_Driver/Src/stm32f4xx_hal_iwdg.c **** /* Private function prototypes -----------------------------------------------*/
 116:Drivers/STM32F4xx_HAL_Driver/Src/stm32f4xx_hal_iwdg.c **** /* Exported functions --------------------------------------------------------*/
 117:Drivers/STM32F4xx_HAL_Driver/Src/stm32f4xx_hal_iwdg.c **** 
 118:Drivers/STM32F4xx_HAL_Driver/Src/stm32f4xx_hal_iwdg.c **** /** @addtogroup IWDG_Exported_Functions
 119:Drivers/STM32F4xx_HAL_Driver/Src/stm32f4xx_hal_iwdg.c ****   * @{
 120:Drivers/STM32F4xx_HAL_Driver/Src/stm32f4xx_hal_iwdg.c ****   */
 121:Drivers/STM32F4xx_HAL_Driver/Src/stm32f4xx_hal_iwdg.c **** 
 122:Drivers/STM32F4xx_HAL_Driver/Src/stm32f4xx_hal_iwdg.c **** /** @addtogroup IWDG_Exported_Functions_Group1
 123:Drivers/STM32F4xx_HAL_Driver/Src/stm32f4xx_hal_iwdg.c ****   *  @brief    Initialization and Start functions.
 124:Drivers/STM32F4xx_HAL_Driver/Src/stm32f4xx_hal_iwdg.c ****   *
 125:Drivers/STM32F4xx_HAL_Driver/Src/stm32f4xx_hal_iwdg.c **** @verbatim
 126:Drivers/STM32F4xx_HAL_Driver/Src/stm32f4xx_hal_iwdg.c ****  ===============================================================================
 127:Drivers/STM32F4xx_HAL_Driver/Src/stm32f4xx_hal_iwdg.c ****           ##### Initialization and Start functions #####
 128:Drivers/STM32F4xx_HAL_Driver/Src/stm32f4xx_hal_iwdg.c ****  ===============================================================================
 129:Drivers/STM32F4xx_HAL_Driver/Src/stm32f4xx_hal_iwdg.c ****  [..]  This section provides functions allowing to:
 130:Drivers/STM32F4xx_HAL_Driver/Src/stm32f4xx_hal_iwdg.c ****       (+) Initialize the IWDG according to the specified parameters in the
 131:Drivers/STM32F4xx_HAL_Driver/Src/stm32f4xx_hal_iwdg.c ****           IWDG_InitTypeDef of associated handle.
 132:Drivers/STM32F4xx_HAL_Driver/Src/stm32f4xx_hal_iwdg.c ****       (+) Once initialization is performed in HAL_IWDG_Init function, Watchdog
 133:Drivers/STM32F4xx_HAL_Driver/Src/stm32f4xx_hal_iwdg.c ****           is reloaded in order to exit function with correct time base.
 134:Drivers/STM32F4xx_HAL_Driver/Src/stm32f4xx_hal_iwdg.c **** 
 135:Drivers/STM32F4xx_HAL_Driver/Src/stm32f4xx_hal_iwdg.c **** @endverbatim
 136:Drivers/STM32F4xx_HAL_Driver/Src/stm32f4xx_hal_iwdg.c ****   * @{
 137:Drivers/STM32F4xx_HAL_Driver/Src/stm32f4xx_hal_iwdg.c ****   */
 138:Drivers/STM32F4xx_HAL_Driver/Src/stm32f4xx_hal_iwdg.c **** 
 139:Drivers/STM32F4xx_HAL_Driver/Src/stm32f4xx_hal_iwdg.c **** /**
 140:Drivers/STM32F4xx_HAL_Driver/Src/stm32f4xx_hal_iwdg.c ****   * @brief  Initialize the IWDG according to the specified parameters in the
 141:Drivers/STM32F4xx_HAL_Driver/Src/stm32f4xx_hal_iwdg.c ****   *         IWDG_InitTypeDef and start watchdog. Before exiting function,
 142:Drivers/STM32F4xx_HAL_Driver/Src/stm32f4xx_hal_iwdg.c ****   *         watchdog is refreshed in order to have correct time base.
 143:Drivers/STM32F4xx_HAL_Driver/Src/stm32f4xx_hal_iwdg.c ****   * @param  hiwdg  pointer to a IWDG_HandleTypeDef structure that contains
 144:Drivers/STM32F4xx_HAL_Driver/Src/stm32f4xx_hal_iwdg.c ****   *                the configuration information for the specified IWDG module.
 145:Drivers/STM32F4xx_HAL_Driver/Src/stm32f4xx_hal_iwdg.c ****   * @retval HAL status
ARM GAS  /tmp/ccYydxwW.s 			page 4


 146:Drivers/STM32F4xx_HAL_Driver/Src/stm32f4xx_hal_iwdg.c ****   */
 147:Drivers/STM32F4xx_HAL_Driver/Src/stm32f4xx_hal_iwdg.c **** HAL_StatusTypeDef HAL_IWDG_Init(IWDG_HandleTypeDef *hiwdg)
 148:Drivers/STM32F4xx_HAL_Driver/Src/stm32f4xx_hal_iwdg.c **** {
  28              		.loc 1 148 0
  29              		.cfi_startproc
  30              		@ args = 0, pretend = 0, frame = 0
  31              		@ frame_needed = 0, uses_anonymous_args = 0
  32              	.LVL0:
 149:Drivers/STM32F4xx_HAL_Driver/Src/stm32f4xx_hal_iwdg.c ****   uint32_t tickstart;
 150:Drivers/STM32F4xx_HAL_Driver/Src/stm32f4xx_hal_iwdg.c **** 
 151:Drivers/STM32F4xx_HAL_Driver/Src/stm32f4xx_hal_iwdg.c ****   /* Check the IWDG handle allocation */
 152:Drivers/STM32F4xx_HAL_Driver/Src/stm32f4xx_hal_iwdg.c ****   if (hiwdg == NULL)
  33              		.loc 1 152 0
  34 0000 08B3     		cbz	r0, .L5
 148:Drivers/STM32F4xx_HAL_Driver/Src/stm32f4xx_hal_iwdg.c ****   uint32_t tickstart;
  35              		.loc 1 148 0
  36 0002 38B5     		push	{r3, r4, r5, lr}
  37              		.cfi_def_cfa_offset 16
  38              		.cfi_offset 3, -16
  39              		.cfi_offset 4, -12
  40              		.cfi_offset 5, -8
  41              		.cfi_offset 14, -4
  42 0004 0446     		mov	r4, r0
 153:Drivers/STM32F4xx_HAL_Driver/Src/stm32f4xx_hal_iwdg.c ****   {
 154:Drivers/STM32F4xx_HAL_Driver/Src/stm32f4xx_hal_iwdg.c ****     return HAL_ERROR;
 155:Drivers/STM32F4xx_HAL_Driver/Src/stm32f4xx_hal_iwdg.c ****   }
 156:Drivers/STM32F4xx_HAL_Driver/Src/stm32f4xx_hal_iwdg.c **** 
 157:Drivers/STM32F4xx_HAL_Driver/Src/stm32f4xx_hal_iwdg.c ****   /* Check the parameters */
 158:Drivers/STM32F4xx_HAL_Driver/Src/stm32f4xx_hal_iwdg.c ****   assert_param(IS_IWDG_ALL_INSTANCE(hiwdg->Instance));
 159:Drivers/STM32F4xx_HAL_Driver/Src/stm32f4xx_hal_iwdg.c ****   assert_param(IS_IWDG_PRESCALER(hiwdg->Init.Prescaler));
 160:Drivers/STM32F4xx_HAL_Driver/Src/stm32f4xx_hal_iwdg.c ****   assert_param(IS_IWDG_RELOAD(hiwdg->Init.Reload));
 161:Drivers/STM32F4xx_HAL_Driver/Src/stm32f4xx_hal_iwdg.c **** 
 162:Drivers/STM32F4xx_HAL_Driver/Src/stm32f4xx_hal_iwdg.c ****   /* Enable IWDG. LSI is turned on automatically */
 163:Drivers/STM32F4xx_HAL_Driver/Src/stm32f4xx_hal_iwdg.c ****   __HAL_IWDG_START(hiwdg);
  43              		.loc 1 163 0
  44 0006 0368     		ldr	r3, [r0]
  45 0008 4CF6CC42 		movw	r2, #52428
  46 000c 1A60     		str	r2, [r3]
 164:Drivers/STM32F4xx_HAL_Driver/Src/stm32f4xx_hal_iwdg.c **** 
 165:Drivers/STM32F4xx_HAL_Driver/Src/stm32f4xx_hal_iwdg.c ****   /* Enable write access to IWDG_PR and IWDG_RLR registers by writing
 166:Drivers/STM32F4xx_HAL_Driver/Src/stm32f4xx_hal_iwdg.c ****   0x5555 in KR */
 167:Drivers/STM32F4xx_HAL_Driver/Src/stm32f4xx_hal_iwdg.c ****   IWDG_ENABLE_WRITE_ACCESS(hiwdg);
  47              		.loc 1 167 0
  48 000e 0368     		ldr	r3, [r0]
  49 0010 45F25552 		movw	r2, #21845
  50 0014 1A60     		str	r2, [r3]
 168:Drivers/STM32F4xx_HAL_Driver/Src/stm32f4xx_hal_iwdg.c **** 
 169:Drivers/STM32F4xx_HAL_Driver/Src/stm32f4xx_hal_iwdg.c ****   /* Write to IWDG registers the Prescaler & Reload values to work with */
 170:Drivers/STM32F4xx_HAL_Driver/Src/stm32f4xx_hal_iwdg.c ****   hiwdg->Instance->PR = hiwdg->Init.Prescaler;
  51              		.loc 1 170 0
  52 0016 0368     		ldr	r3, [r0]
  53 0018 4268     		ldr	r2, [r0, #4]
  54 001a 5A60     		str	r2, [r3, #4]
 171:Drivers/STM32F4xx_HAL_Driver/Src/stm32f4xx_hal_iwdg.c ****   hiwdg->Instance->RLR = hiwdg->Init.Reload;
  55              		.loc 1 171 0
  56 001c 0368     		ldr	r3, [r0]
  57 001e 8268     		ldr	r2, [r0, #8]
ARM GAS  /tmp/ccYydxwW.s 			page 5


  58 0020 9A60     		str	r2, [r3, #8]
 172:Drivers/STM32F4xx_HAL_Driver/Src/stm32f4xx_hal_iwdg.c **** 
 173:Drivers/STM32F4xx_HAL_Driver/Src/stm32f4xx_hal_iwdg.c ****   /* Check pending flag, if previous update not done, return timeout */
 174:Drivers/STM32F4xx_HAL_Driver/Src/stm32f4xx_hal_iwdg.c ****   tickstart = HAL_GetTick();
  59              		.loc 1 174 0
  60 0022 FFF7FEFF 		bl	HAL_GetTick
  61              	.LVL1:
  62 0026 0546     		mov	r5, r0
  63              	.LVL2:
  64              	.L3:
 175:Drivers/STM32F4xx_HAL_Driver/Src/stm32f4xx_hal_iwdg.c **** 
 176:Drivers/STM32F4xx_HAL_Driver/Src/stm32f4xx_hal_iwdg.c ****   /* Wait for register to be updated */
 177:Drivers/STM32F4xx_HAL_Driver/Src/stm32f4xx_hal_iwdg.c ****   while (hiwdg->Instance->SR != 0x00u)
  65              		.loc 1 177 0
  66 0028 2368     		ldr	r3, [r4]
  67 002a DA68     		ldr	r2, [r3, #12]
  68 002c 32B1     		cbz	r2, .L11
 178:Drivers/STM32F4xx_HAL_Driver/Src/stm32f4xx_hal_iwdg.c ****   {
 179:Drivers/STM32F4xx_HAL_Driver/Src/stm32f4xx_hal_iwdg.c ****     if ((HAL_GetTick() - tickstart) > HAL_IWDG_DEFAULT_TIMEOUT)
  69              		.loc 1 179 0
  70 002e FFF7FEFF 		bl	HAL_GetTick
  71              	.LVL3:
  72 0032 401B     		subs	r0, r0, r5
  73 0034 3028     		cmp	r0, #48
  74 0036 F7D9     		bls	.L3
 180:Drivers/STM32F4xx_HAL_Driver/Src/stm32f4xx_hal_iwdg.c ****     {
 181:Drivers/STM32F4xx_HAL_Driver/Src/stm32f4xx_hal_iwdg.c ****       return HAL_TIMEOUT;
  75              		.loc 1 181 0
  76 0038 0320     		movs	r0, #3
 182:Drivers/STM32F4xx_HAL_Driver/Src/stm32f4xx_hal_iwdg.c ****     }
 183:Drivers/STM32F4xx_HAL_Driver/Src/stm32f4xx_hal_iwdg.c ****   }
 184:Drivers/STM32F4xx_HAL_Driver/Src/stm32f4xx_hal_iwdg.c **** 
 185:Drivers/STM32F4xx_HAL_Driver/Src/stm32f4xx_hal_iwdg.c ****   /* Reload IWDG counter with value defined in the reload register */
 186:Drivers/STM32F4xx_HAL_Driver/Src/stm32f4xx_hal_iwdg.c ****   __HAL_IWDG_RELOAD_COUNTER(hiwdg);
 187:Drivers/STM32F4xx_HAL_Driver/Src/stm32f4xx_hal_iwdg.c **** 
 188:Drivers/STM32F4xx_HAL_Driver/Src/stm32f4xx_hal_iwdg.c ****   /* Return function status */
 189:Drivers/STM32F4xx_HAL_Driver/Src/stm32f4xx_hal_iwdg.c ****   return HAL_OK;
 190:Drivers/STM32F4xx_HAL_Driver/Src/stm32f4xx_hal_iwdg.c **** }
  77              		.loc 1 190 0
  78 003a 38BD     		pop	{r3, r4, r5, pc}
  79              	.LVL4:
  80              	.L11:
 186:Drivers/STM32F4xx_HAL_Driver/Src/stm32f4xx_hal_iwdg.c **** 
  81              		.loc 1 186 0
  82 003c 4AF6AA22 		movw	r2, #43690
  83 0040 1A60     		str	r2, [r3]
 189:Drivers/STM32F4xx_HAL_Driver/Src/stm32f4xx_hal_iwdg.c **** }
  84              		.loc 1 189 0
  85 0042 0020     		movs	r0, #0
  86 0044 38BD     		pop	{r3, r4, r5, pc}
  87              	.LVL5:
  88              	.L5:
  89              		.cfi_def_cfa_offset 0
  90              		.cfi_restore 3
  91              		.cfi_restore 4
  92              		.cfi_restore 5
  93              		.cfi_restore 14
ARM GAS  /tmp/ccYydxwW.s 			page 6


 154:Drivers/STM32F4xx_HAL_Driver/Src/stm32f4xx_hal_iwdg.c ****   }
  94              		.loc 1 154 0
  95 0046 0120     		movs	r0, #1
  96              	.LVL6:
  97 0048 7047     		bx	lr
  98              		.cfi_endproc
  99              	.LFE130:
 101              		.section	.text.HAL_IWDG_Refresh,"ax",%progbits
 102              		.align	1
 103              		.global	HAL_IWDG_Refresh
 104              		.syntax unified
 105              		.thumb
 106              		.thumb_func
 107              		.fpu fpv4-sp-d16
 109              	HAL_IWDG_Refresh:
 110              	.LFB131:
 191:Drivers/STM32F4xx_HAL_Driver/Src/stm32f4xx_hal_iwdg.c **** 
 192:Drivers/STM32F4xx_HAL_Driver/Src/stm32f4xx_hal_iwdg.c **** /**
 193:Drivers/STM32F4xx_HAL_Driver/Src/stm32f4xx_hal_iwdg.c ****   * @}
 194:Drivers/STM32F4xx_HAL_Driver/Src/stm32f4xx_hal_iwdg.c ****   */
 195:Drivers/STM32F4xx_HAL_Driver/Src/stm32f4xx_hal_iwdg.c **** 
 196:Drivers/STM32F4xx_HAL_Driver/Src/stm32f4xx_hal_iwdg.c **** 
 197:Drivers/STM32F4xx_HAL_Driver/Src/stm32f4xx_hal_iwdg.c **** /** @addtogroup IWDG_Exported_Functions_Group2
 198:Drivers/STM32F4xx_HAL_Driver/Src/stm32f4xx_hal_iwdg.c ****   *  @brief   IO operation functions
 199:Drivers/STM32F4xx_HAL_Driver/Src/stm32f4xx_hal_iwdg.c ****   *
 200:Drivers/STM32F4xx_HAL_Driver/Src/stm32f4xx_hal_iwdg.c **** @verbatim
 201:Drivers/STM32F4xx_HAL_Driver/Src/stm32f4xx_hal_iwdg.c ****  ===============================================================================
 202:Drivers/STM32F4xx_HAL_Driver/Src/stm32f4xx_hal_iwdg.c ****                       ##### IO operation functions #####
 203:Drivers/STM32F4xx_HAL_Driver/Src/stm32f4xx_hal_iwdg.c ****  ===============================================================================
 204:Drivers/STM32F4xx_HAL_Driver/Src/stm32f4xx_hal_iwdg.c ****  [..]  This section provides functions allowing to:
 205:Drivers/STM32F4xx_HAL_Driver/Src/stm32f4xx_hal_iwdg.c ****       (+) Refresh the IWDG.
 206:Drivers/STM32F4xx_HAL_Driver/Src/stm32f4xx_hal_iwdg.c **** 
 207:Drivers/STM32F4xx_HAL_Driver/Src/stm32f4xx_hal_iwdg.c **** @endverbatim
 208:Drivers/STM32F4xx_HAL_Driver/Src/stm32f4xx_hal_iwdg.c ****   * @{
 209:Drivers/STM32F4xx_HAL_Driver/Src/stm32f4xx_hal_iwdg.c ****   */
 210:Drivers/STM32F4xx_HAL_Driver/Src/stm32f4xx_hal_iwdg.c **** 
 211:Drivers/STM32F4xx_HAL_Driver/Src/stm32f4xx_hal_iwdg.c **** 
 212:Drivers/STM32F4xx_HAL_Driver/Src/stm32f4xx_hal_iwdg.c **** /**
 213:Drivers/STM32F4xx_HAL_Driver/Src/stm32f4xx_hal_iwdg.c ****   * @brief  Refresh the IWDG.
 214:Drivers/STM32F4xx_HAL_Driver/Src/stm32f4xx_hal_iwdg.c ****   * @param  hiwdg  pointer to a IWDG_HandleTypeDef structure that contains
 215:Drivers/STM32F4xx_HAL_Driver/Src/stm32f4xx_hal_iwdg.c ****   *                the configuration information for the specified IWDG module.
 216:Drivers/STM32F4xx_HAL_Driver/Src/stm32f4xx_hal_iwdg.c ****   * @retval HAL status
 217:Drivers/STM32F4xx_HAL_Driver/Src/stm32f4xx_hal_iwdg.c ****   */
 218:Drivers/STM32F4xx_HAL_Driver/Src/stm32f4xx_hal_iwdg.c **** HAL_StatusTypeDef HAL_IWDG_Refresh(IWDG_HandleTypeDef *hiwdg)
 219:Drivers/STM32F4xx_HAL_Driver/Src/stm32f4xx_hal_iwdg.c **** {
 111              		.loc 1 219 0
 112              		.cfi_startproc
 113              		@ args = 0, pretend = 0, frame = 0
 114              		@ frame_needed = 0, uses_anonymous_args = 0
 115              		@ link register save eliminated.
 116              	.LVL7:
 220:Drivers/STM32F4xx_HAL_Driver/Src/stm32f4xx_hal_iwdg.c ****   /* Reload IWDG counter with value defined in the reload register */
 221:Drivers/STM32F4xx_HAL_Driver/Src/stm32f4xx_hal_iwdg.c ****   __HAL_IWDG_RELOAD_COUNTER(hiwdg);
 117              		.loc 1 221 0
 118 0000 0368     		ldr	r3, [r0]
 119 0002 4AF6AA22 		movw	r2, #43690
 120 0006 1A60     		str	r2, [r3]
ARM GAS  /tmp/ccYydxwW.s 			page 7


 222:Drivers/STM32F4xx_HAL_Driver/Src/stm32f4xx_hal_iwdg.c **** 
 223:Drivers/STM32F4xx_HAL_Driver/Src/stm32f4xx_hal_iwdg.c ****   /* Return function status */
 224:Drivers/STM32F4xx_HAL_Driver/Src/stm32f4xx_hal_iwdg.c ****   return HAL_OK;
 225:Drivers/STM32F4xx_HAL_Driver/Src/stm32f4xx_hal_iwdg.c **** }
 121              		.loc 1 225 0
 122 0008 0020     		movs	r0, #0
 123              	.LVL8:
 124 000a 7047     		bx	lr
 125              		.cfi_endproc
 126              	.LFE131:
 128              		.text
 129              	.Letext0:
 130              		.file 2 "/usr/include/newlib/machine/_default_types.h"
 131              		.file 3 "/usr/include/newlib/sys/_stdint.h"
 132              		.file 4 "Drivers/CMSIS/Include/core_cm4.h"
 133              		.file 5 "Drivers/CMSIS/Device/ST/STM32F4xx/Include/system_stm32f4xx.h"
 134              		.file 6 "Drivers/CMSIS/Device/ST/STM32F4xx/Include/stm32f413xx.h"
 135              		.file 7 "Drivers/STM32F4xx_HAL_Driver/Inc/stm32f4xx_hal_def.h"
 136              		.file 8 "Drivers/STM32F4xx_HAL_Driver/Inc/stm32f4xx_hal_iwdg.h"
 137              		.file 9 "Drivers/STM32F4xx_HAL_Driver/Inc/stm32f4xx_hal.h"
ARM GAS  /tmp/ccYydxwW.s 			page 8


DEFINED SYMBOLS
                            *ABS*:0000000000000000 stm32f4xx_hal_iwdg.c
     /tmp/ccYydxwW.s:18     .text.HAL_IWDG_Init:0000000000000000 $t
     /tmp/ccYydxwW.s:25     .text.HAL_IWDG_Init:0000000000000000 HAL_IWDG_Init
     /tmp/ccYydxwW.s:102    .text.HAL_IWDG_Refresh:0000000000000000 $t
     /tmp/ccYydxwW.s:109    .text.HAL_IWDG_Refresh:0000000000000000 HAL_IWDG_Refresh
                     .debug_frame:0000000000000010 $d

UNDEFINED SYMBOLS
HAL_GetTick
