ARM GAS  /tmp/ccwRjDp7.s 			page 1


   1              		.cpu cortex-m4
   2              		.eabi_attribute 27, 1
   3              		.eabi_attribute 28, 1
   4              		.eabi_attribute 20, 1
   5              		.eabi_attribute 21, 1
   6              		.eabi_attribute 23, 3
   7              		.eabi_attribute 24, 1
   8              		.eabi_attribute 25, 1
   9              		.eabi_attribute 26, 1
  10              		.eabi_attribute 30, 1
  11              		.eabi_attribute 34, 1
  12              		.eabi_attribute 18, 4
  13              		.file	"stm32f4xx_hal.c"
  14              		.text
  15              	.Ltext0:
  16              		.cfi_sections	.debug_frame
  17              		.section	.text.HAL_MspInit,"ax",%progbits
  18              		.align	1
  19              		.weak	HAL_MspInit
  20              		.syntax unified
  21              		.thumb
  22              		.thumb_func
  23              		.fpu fpv4-sp-d16
  25              	HAL_MspInit:
  26              	.LFB132:
  27              		.file 1 "Drivers/STM32F4xx_HAL_Driver/Src/stm32f4xx_hal.c"
   1:Drivers/STM32F4xx_HAL_Driver/Src/stm32f4xx_hal.c **** /**
   2:Drivers/STM32F4xx_HAL_Driver/Src/stm32f4xx_hal.c ****   ******************************************************************************
   3:Drivers/STM32F4xx_HAL_Driver/Src/stm32f4xx_hal.c ****   * @file    stm32f4xx_hal.c
   4:Drivers/STM32F4xx_HAL_Driver/Src/stm32f4xx_hal.c ****   * @author  MCD Application Team
   5:Drivers/STM32F4xx_HAL_Driver/Src/stm32f4xx_hal.c ****   * @brief   HAL module driver.
   6:Drivers/STM32F4xx_HAL_Driver/Src/stm32f4xx_hal.c ****   *          This is the common part of the HAL initialization
   7:Drivers/STM32F4xx_HAL_Driver/Src/stm32f4xx_hal.c ****   *
   8:Drivers/STM32F4xx_HAL_Driver/Src/stm32f4xx_hal.c ****   @verbatim
   9:Drivers/STM32F4xx_HAL_Driver/Src/stm32f4xx_hal.c ****   ==============================================================================
  10:Drivers/STM32F4xx_HAL_Driver/Src/stm32f4xx_hal.c ****                      ##### How to use this driver #####
  11:Drivers/STM32F4xx_HAL_Driver/Src/stm32f4xx_hal.c ****   ==============================================================================
  12:Drivers/STM32F4xx_HAL_Driver/Src/stm32f4xx_hal.c ****     [..]
  13:Drivers/STM32F4xx_HAL_Driver/Src/stm32f4xx_hal.c ****     The common HAL driver contains a set of generic and common APIs that can be
  14:Drivers/STM32F4xx_HAL_Driver/Src/stm32f4xx_hal.c ****     used by the PPP peripheral drivers and the user to start using the HAL. 
  15:Drivers/STM32F4xx_HAL_Driver/Src/stm32f4xx_hal.c ****     [..]
  16:Drivers/STM32F4xx_HAL_Driver/Src/stm32f4xx_hal.c ****     The HAL contains two APIs' categories: 
  17:Drivers/STM32F4xx_HAL_Driver/Src/stm32f4xx_hal.c ****          (+) Common HAL APIs
  18:Drivers/STM32F4xx_HAL_Driver/Src/stm32f4xx_hal.c ****          (+) Services HAL APIs
  19:Drivers/STM32F4xx_HAL_Driver/Src/stm32f4xx_hal.c **** 
  20:Drivers/STM32F4xx_HAL_Driver/Src/stm32f4xx_hal.c ****   @endverbatim
  21:Drivers/STM32F4xx_HAL_Driver/Src/stm32f4xx_hal.c ****   ******************************************************************************
  22:Drivers/STM32F4xx_HAL_Driver/Src/stm32f4xx_hal.c ****   * @attention
  23:Drivers/STM32F4xx_HAL_Driver/Src/stm32f4xx_hal.c ****   *
  24:Drivers/STM32F4xx_HAL_Driver/Src/stm32f4xx_hal.c ****   * <h2><center>&copy; Copyright (c) 2017 STMicroelectronics.
  25:Drivers/STM32F4xx_HAL_Driver/Src/stm32f4xx_hal.c ****   * All rights reserved.</center></h2>
  26:Drivers/STM32F4xx_HAL_Driver/Src/stm32f4xx_hal.c ****   *
  27:Drivers/STM32F4xx_HAL_Driver/Src/stm32f4xx_hal.c ****   * This software component is licensed by ST under BSD 3-Clause license,
  28:Drivers/STM32F4xx_HAL_Driver/Src/stm32f4xx_hal.c ****   * the "License"; You may not use this file except in compliance with the
  29:Drivers/STM32F4xx_HAL_Driver/Src/stm32f4xx_hal.c ****   * License. You may obtain a copy of the License at:
  30:Drivers/STM32F4xx_HAL_Driver/Src/stm32f4xx_hal.c ****   *                        opensource.org/licenses/BSD-3-Clause
  31:Drivers/STM32F4xx_HAL_Driver/Src/stm32f4xx_hal.c ****   *
ARM GAS  /tmp/ccwRjDp7.s 			page 2


  32:Drivers/STM32F4xx_HAL_Driver/Src/stm32f4xx_hal.c ****   ******************************************************************************
  33:Drivers/STM32F4xx_HAL_Driver/Src/stm32f4xx_hal.c ****   */ 
  34:Drivers/STM32F4xx_HAL_Driver/Src/stm32f4xx_hal.c **** 
  35:Drivers/STM32F4xx_HAL_Driver/Src/stm32f4xx_hal.c **** /* Includes ------------------------------------------------------------------*/
  36:Drivers/STM32F4xx_HAL_Driver/Src/stm32f4xx_hal.c **** #include "stm32f4xx_hal.h"
  37:Drivers/STM32F4xx_HAL_Driver/Src/stm32f4xx_hal.c **** 
  38:Drivers/STM32F4xx_HAL_Driver/Src/stm32f4xx_hal.c **** /** @addtogroup STM32F4xx_HAL_Driver
  39:Drivers/STM32F4xx_HAL_Driver/Src/stm32f4xx_hal.c ****   * @{
  40:Drivers/STM32F4xx_HAL_Driver/Src/stm32f4xx_hal.c ****   */
  41:Drivers/STM32F4xx_HAL_Driver/Src/stm32f4xx_hal.c **** 
  42:Drivers/STM32F4xx_HAL_Driver/Src/stm32f4xx_hal.c **** /** @defgroup HAL HAL
  43:Drivers/STM32F4xx_HAL_Driver/Src/stm32f4xx_hal.c ****   * @brief HAL module driver.
  44:Drivers/STM32F4xx_HAL_Driver/Src/stm32f4xx_hal.c ****   * @{
  45:Drivers/STM32F4xx_HAL_Driver/Src/stm32f4xx_hal.c ****   */
  46:Drivers/STM32F4xx_HAL_Driver/Src/stm32f4xx_hal.c **** 
  47:Drivers/STM32F4xx_HAL_Driver/Src/stm32f4xx_hal.c **** /* Private typedef -----------------------------------------------------------*/
  48:Drivers/STM32F4xx_HAL_Driver/Src/stm32f4xx_hal.c **** /* Private define ------------------------------------------------------------*/
  49:Drivers/STM32F4xx_HAL_Driver/Src/stm32f4xx_hal.c **** /** @addtogroup HAL_Private_Constants
  50:Drivers/STM32F4xx_HAL_Driver/Src/stm32f4xx_hal.c ****   * @{
  51:Drivers/STM32F4xx_HAL_Driver/Src/stm32f4xx_hal.c ****   */
  52:Drivers/STM32F4xx_HAL_Driver/Src/stm32f4xx_hal.c **** /**
  53:Drivers/STM32F4xx_HAL_Driver/Src/stm32f4xx_hal.c ****   * @brief STM32F4xx HAL Driver version number V1.7.10
  54:Drivers/STM32F4xx_HAL_Driver/Src/stm32f4xx_hal.c ****   */
  55:Drivers/STM32F4xx_HAL_Driver/Src/stm32f4xx_hal.c **** #define __STM32F4xx_HAL_VERSION_MAIN   (0x01U) /*!< [31:24] main version */
  56:Drivers/STM32F4xx_HAL_Driver/Src/stm32f4xx_hal.c **** #define __STM32F4xx_HAL_VERSION_SUB1   (0x07U) /*!< [23:16] sub1 version */
  57:Drivers/STM32F4xx_HAL_Driver/Src/stm32f4xx_hal.c **** #define __STM32F4xx_HAL_VERSION_SUB2   (0x0AU) /*!< [15:8]  sub2 version */
  58:Drivers/STM32F4xx_HAL_Driver/Src/stm32f4xx_hal.c **** #define __STM32F4xx_HAL_VERSION_RC     (0x00U) /*!< [7:0]  release candidate */ 
  59:Drivers/STM32F4xx_HAL_Driver/Src/stm32f4xx_hal.c **** #define __STM32F4xx_HAL_VERSION         ((__STM32F4xx_HAL_VERSION_MAIN << 24U)\
  60:Drivers/STM32F4xx_HAL_Driver/Src/stm32f4xx_hal.c ****                                         |(__STM32F4xx_HAL_VERSION_SUB1 << 16U)\
  61:Drivers/STM32F4xx_HAL_Driver/Src/stm32f4xx_hal.c ****                                         |(__STM32F4xx_HAL_VERSION_SUB2 << 8U )\
  62:Drivers/STM32F4xx_HAL_Driver/Src/stm32f4xx_hal.c ****                                         |(__STM32F4xx_HAL_VERSION_RC))
  63:Drivers/STM32F4xx_HAL_Driver/Src/stm32f4xx_hal.c ****                                         
  64:Drivers/STM32F4xx_HAL_Driver/Src/stm32f4xx_hal.c **** #define IDCODE_DEVID_MASK    0x00000FFFU
  65:Drivers/STM32F4xx_HAL_Driver/Src/stm32f4xx_hal.c **** 
  66:Drivers/STM32F4xx_HAL_Driver/Src/stm32f4xx_hal.c **** /* ------------ RCC registers bit address in the alias region ----------- */
  67:Drivers/STM32F4xx_HAL_Driver/Src/stm32f4xx_hal.c **** #define SYSCFG_OFFSET             (SYSCFG_BASE - PERIPH_BASE)
  68:Drivers/STM32F4xx_HAL_Driver/Src/stm32f4xx_hal.c **** /* ---  MEMRMP Register ---*/ 
  69:Drivers/STM32F4xx_HAL_Driver/Src/stm32f4xx_hal.c **** /* Alias word address of UFB_MODE bit */ 
  70:Drivers/STM32F4xx_HAL_Driver/Src/stm32f4xx_hal.c **** #define MEMRMP_OFFSET             SYSCFG_OFFSET 
  71:Drivers/STM32F4xx_HAL_Driver/Src/stm32f4xx_hal.c **** #define UFB_MODE_BIT_NUMBER       SYSCFG_MEMRMP_UFB_MODE_Pos
  72:Drivers/STM32F4xx_HAL_Driver/Src/stm32f4xx_hal.c **** #define UFB_MODE_BB               (uint32_t)(PERIPH_BB_BASE + (MEMRMP_OFFSET * 32U) + (UFB_MODE_BIT
  73:Drivers/STM32F4xx_HAL_Driver/Src/stm32f4xx_hal.c **** 
  74:Drivers/STM32F4xx_HAL_Driver/Src/stm32f4xx_hal.c **** /* ---  CMPCR Register ---*/ 
  75:Drivers/STM32F4xx_HAL_Driver/Src/stm32f4xx_hal.c **** /* Alias word address of CMP_PD bit */ 
  76:Drivers/STM32F4xx_HAL_Driver/Src/stm32f4xx_hal.c **** #define CMPCR_OFFSET              (SYSCFG_OFFSET + 0x20U) 
  77:Drivers/STM32F4xx_HAL_Driver/Src/stm32f4xx_hal.c **** #define CMP_PD_BIT_NUMBER         SYSCFG_CMPCR_CMP_PD_Pos
  78:Drivers/STM32F4xx_HAL_Driver/Src/stm32f4xx_hal.c **** #define CMPCR_CMP_PD_BB           (uint32_t)(PERIPH_BB_BASE + (CMPCR_OFFSET * 32U) + (CMP_PD_BIT_NU
  79:Drivers/STM32F4xx_HAL_Driver/Src/stm32f4xx_hal.c **** 
  80:Drivers/STM32F4xx_HAL_Driver/Src/stm32f4xx_hal.c **** /* ---  MCHDLYCR Register ---*/ 
  81:Drivers/STM32F4xx_HAL_Driver/Src/stm32f4xx_hal.c **** /* Alias word address of BSCKSEL bit */ 
  82:Drivers/STM32F4xx_HAL_Driver/Src/stm32f4xx_hal.c **** #define MCHDLYCR_OFFSET            (SYSCFG_OFFSET + 0x30U) 
  83:Drivers/STM32F4xx_HAL_Driver/Src/stm32f4xx_hal.c **** #define BSCKSEL_BIT_NUMBER         SYSCFG_MCHDLYCR_BSCKSEL_Pos
  84:Drivers/STM32F4xx_HAL_Driver/Src/stm32f4xx_hal.c **** #define MCHDLYCR_BSCKSEL_BB        (uint32_t)(PERIPH_BB_BASE + (MCHDLYCR_OFFSET * 32U) + (BSCKSEL_B
  85:Drivers/STM32F4xx_HAL_Driver/Src/stm32f4xx_hal.c **** /**
  86:Drivers/STM32F4xx_HAL_Driver/Src/stm32f4xx_hal.c ****   * @}
  87:Drivers/STM32F4xx_HAL_Driver/Src/stm32f4xx_hal.c ****   */
  88:Drivers/STM32F4xx_HAL_Driver/Src/stm32f4xx_hal.c **** 
ARM GAS  /tmp/ccwRjDp7.s 			page 3


  89:Drivers/STM32F4xx_HAL_Driver/Src/stm32f4xx_hal.c **** /* Private macro -------------------------------------------------------------*/
  90:Drivers/STM32F4xx_HAL_Driver/Src/stm32f4xx_hal.c **** /* Private variables ---------------------------------------------------------*/
  91:Drivers/STM32F4xx_HAL_Driver/Src/stm32f4xx_hal.c **** /** @addtogroup HAL_Private_Variables
  92:Drivers/STM32F4xx_HAL_Driver/Src/stm32f4xx_hal.c ****   * @{
  93:Drivers/STM32F4xx_HAL_Driver/Src/stm32f4xx_hal.c ****   */
  94:Drivers/STM32F4xx_HAL_Driver/Src/stm32f4xx_hal.c **** __IO uint32_t uwTick;
  95:Drivers/STM32F4xx_HAL_Driver/Src/stm32f4xx_hal.c **** uint32_t uwTickPrio   = (1UL << __NVIC_PRIO_BITS); /* Invalid PRIO */
  96:Drivers/STM32F4xx_HAL_Driver/Src/stm32f4xx_hal.c **** HAL_TickFreqTypeDef uwTickFreq = HAL_TICK_FREQ_DEFAULT;  /* 1KHz */
  97:Drivers/STM32F4xx_HAL_Driver/Src/stm32f4xx_hal.c **** /**
  98:Drivers/STM32F4xx_HAL_Driver/Src/stm32f4xx_hal.c ****   * @}
  99:Drivers/STM32F4xx_HAL_Driver/Src/stm32f4xx_hal.c ****   */
 100:Drivers/STM32F4xx_HAL_Driver/Src/stm32f4xx_hal.c **** /* Private function prototypes -----------------------------------------------*/
 101:Drivers/STM32F4xx_HAL_Driver/Src/stm32f4xx_hal.c **** /* Private functions ---------------------------------------------------------*/
 102:Drivers/STM32F4xx_HAL_Driver/Src/stm32f4xx_hal.c **** 
 103:Drivers/STM32F4xx_HAL_Driver/Src/stm32f4xx_hal.c **** /** @defgroup HAL_Exported_Functions HAL Exported Functions
 104:Drivers/STM32F4xx_HAL_Driver/Src/stm32f4xx_hal.c ****   * @{
 105:Drivers/STM32F4xx_HAL_Driver/Src/stm32f4xx_hal.c ****   */
 106:Drivers/STM32F4xx_HAL_Driver/Src/stm32f4xx_hal.c **** 
 107:Drivers/STM32F4xx_HAL_Driver/Src/stm32f4xx_hal.c **** /** @defgroup HAL_Exported_Functions_Group1 Initialization and de-initialization Functions 
 108:Drivers/STM32F4xx_HAL_Driver/Src/stm32f4xx_hal.c ****  *  @brief    Initialization and de-initialization functions
 109:Drivers/STM32F4xx_HAL_Driver/Src/stm32f4xx_hal.c ****  *
 110:Drivers/STM32F4xx_HAL_Driver/Src/stm32f4xx_hal.c **** @verbatim    
 111:Drivers/STM32F4xx_HAL_Driver/Src/stm32f4xx_hal.c ****  ===============================================================================
 112:Drivers/STM32F4xx_HAL_Driver/Src/stm32f4xx_hal.c ****               ##### Initialization and Configuration functions #####
 113:Drivers/STM32F4xx_HAL_Driver/Src/stm32f4xx_hal.c ****  ===============================================================================
 114:Drivers/STM32F4xx_HAL_Driver/Src/stm32f4xx_hal.c ****     [..]  This section provides functions allowing to:
 115:Drivers/STM32F4xx_HAL_Driver/Src/stm32f4xx_hal.c ****       (+) Initializes the Flash interface the NVIC allocation and initial clock 
 116:Drivers/STM32F4xx_HAL_Driver/Src/stm32f4xx_hal.c ****           configuration. It initializes the systick also when timeout is needed 
 117:Drivers/STM32F4xx_HAL_Driver/Src/stm32f4xx_hal.c ****           and the backup domain when enabled.
 118:Drivers/STM32F4xx_HAL_Driver/Src/stm32f4xx_hal.c ****       (+) De-Initializes common part of the HAL.
 119:Drivers/STM32F4xx_HAL_Driver/Src/stm32f4xx_hal.c ****       (+) Configure the time base source to have 1ms time base with a dedicated 
 120:Drivers/STM32F4xx_HAL_Driver/Src/stm32f4xx_hal.c ****           Tick interrupt priority. 
 121:Drivers/STM32F4xx_HAL_Driver/Src/stm32f4xx_hal.c ****         (++) SysTick timer is used by default as source of time base, but user
 122:Drivers/STM32F4xx_HAL_Driver/Src/stm32f4xx_hal.c ****              can eventually implement his proper time base source (a general purpose 
 123:Drivers/STM32F4xx_HAL_Driver/Src/stm32f4xx_hal.c ****              timer for example or other time source), keeping in mind that Time base 
 124:Drivers/STM32F4xx_HAL_Driver/Src/stm32f4xx_hal.c ****              duration should be kept 1ms since PPP_TIMEOUT_VALUEs are defined and 
 125:Drivers/STM32F4xx_HAL_Driver/Src/stm32f4xx_hal.c ****              handled in milliseconds basis.
 126:Drivers/STM32F4xx_HAL_Driver/Src/stm32f4xx_hal.c ****         (++) Time base configuration function (HAL_InitTick ()) is called automatically 
 127:Drivers/STM32F4xx_HAL_Driver/Src/stm32f4xx_hal.c ****              at the beginning of the program after reset by HAL_Init() or at any time 
 128:Drivers/STM32F4xx_HAL_Driver/Src/stm32f4xx_hal.c ****              when clock is configured, by HAL_RCC_ClockConfig(). 
 129:Drivers/STM32F4xx_HAL_Driver/Src/stm32f4xx_hal.c ****         (++) Source of time base is configured  to generate interrupts at regular 
 130:Drivers/STM32F4xx_HAL_Driver/Src/stm32f4xx_hal.c ****              time intervals. Care must be taken if HAL_Delay() is called from a 
 131:Drivers/STM32F4xx_HAL_Driver/Src/stm32f4xx_hal.c ****              peripheral ISR process, the Tick interrupt line must have higher priority 
 132:Drivers/STM32F4xx_HAL_Driver/Src/stm32f4xx_hal.c ****             (numerically lower) than the peripheral interrupt. Otherwise the caller 
 133:Drivers/STM32F4xx_HAL_Driver/Src/stm32f4xx_hal.c ****             ISR process will be blocked. 
 134:Drivers/STM32F4xx_HAL_Driver/Src/stm32f4xx_hal.c ****        (++) functions affecting time base configurations are declared as __weak  
 135:Drivers/STM32F4xx_HAL_Driver/Src/stm32f4xx_hal.c ****              to make  override possible  in case of other  implementations in user file.
 136:Drivers/STM32F4xx_HAL_Driver/Src/stm32f4xx_hal.c **** @endverbatim
 137:Drivers/STM32F4xx_HAL_Driver/Src/stm32f4xx_hal.c ****   * @{
 138:Drivers/STM32F4xx_HAL_Driver/Src/stm32f4xx_hal.c ****   */
 139:Drivers/STM32F4xx_HAL_Driver/Src/stm32f4xx_hal.c **** 
 140:Drivers/STM32F4xx_HAL_Driver/Src/stm32f4xx_hal.c **** /**
 141:Drivers/STM32F4xx_HAL_Driver/Src/stm32f4xx_hal.c ****   * @brief  This function is used to initialize the HAL Library; it must be the first 
 142:Drivers/STM32F4xx_HAL_Driver/Src/stm32f4xx_hal.c ****   *         instruction to be executed in the main program (before to call any other
 143:Drivers/STM32F4xx_HAL_Driver/Src/stm32f4xx_hal.c ****   *         HAL function), it performs the following:
 144:Drivers/STM32F4xx_HAL_Driver/Src/stm32f4xx_hal.c ****   *           Configure the Flash prefetch, instruction and Data caches.
 145:Drivers/STM32F4xx_HAL_Driver/Src/stm32f4xx_hal.c ****   *           Configures the SysTick to generate an interrupt each 1 millisecond,
ARM GAS  /tmp/ccwRjDp7.s 			page 4


 146:Drivers/STM32F4xx_HAL_Driver/Src/stm32f4xx_hal.c ****   *           which is clocked by the HSI (at this stage, the clock is not yet
 147:Drivers/STM32F4xx_HAL_Driver/Src/stm32f4xx_hal.c ****   *           configured and thus the system is running from the internal HSI at 16 MHz).
 148:Drivers/STM32F4xx_HAL_Driver/Src/stm32f4xx_hal.c ****   *           Set NVIC Group Priority to 4.
 149:Drivers/STM32F4xx_HAL_Driver/Src/stm32f4xx_hal.c ****   *           Calls the HAL_MspInit() callback function defined in user file 
 150:Drivers/STM32F4xx_HAL_Driver/Src/stm32f4xx_hal.c ****   *           "stm32f4xx_hal_msp.c" to do the global low level hardware initialization 
 151:Drivers/STM32F4xx_HAL_Driver/Src/stm32f4xx_hal.c ****   *            
 152:Drivers/STM32F4xx_HAL_Driver/Src/stm32f4xx_hal.c ****   * @note   SysTick is used as time base for the HAL_Delay() function, the application
 153:Drivers/STM32F4xx_HAL_Driver/Src/stm32f4xx_hal.c ****   *         need to ensure that the SysTick time base is always set to 1 millisecond
 154:Drivers/STM32F4xx_HAL_Driver/Src/stm32f4xx_hal.c ****   *         to have correct HAL operation.
 155:Drivers/STM32F4xx_HAL_Driver/Src/stm32f4xx_hal.c ****   * @retval HAL status
 156:Drivers/STM32F4xx_HAL_Driver/Src/stm32f4xx_hal.c ****   */
 157:Drivers/STM32F4xx_HAL_Driver/Src/stm32f4xx_hal.c **** HAL_StatusTypeDef HAL_Init(void)
 158:Drivers/STM32F4xx_HAL_Driver/Src/stm32f4xx_hal.c **** {
 159:Drivers/STM32F4xx_HAL_Driver/Src/stm32f4xx_hal.c ****   /* Configure Flash prefetch, Instruction cache, Data cache */ 
 160:Drivers/STM32F4xx_HAL_Driver/Src/stm32f4xx_hal.c **** #if (INSTRUCTION_CACHE_ENABLE != 0U)
 161:Drivers/STM32F4xx_HAL_Driver/Src/stm32f4xx_hal.c ****   __HAL_FLASH_INSTRUCTION_CACHE_ENABLE();
 162:Drivers/STM32F4xx_HAL_Driver/Src/stm32f4xx_hal.c **** #endif /* INSTRUCTION_CACHE_ENABLE */
 163:Drivers/STM32F4xx_HAL_Driver/Src/stm32f4xx_hal.c **** 
 164:Drivers/STM32F4xx_HAL_Driver/Src/stm32f4xx_hal.c **** #if (DATA_CACHE_ENABLE != 0U)
 165:Drivers/STM32F4xx_HAL_Driver/Src/stm32f4xx_hal.c ****   __HAL_FLASH_DATA_CACHE_ENABLE();
 166:Drivers/STM32F4xx_HAL_Driver/Src/stm32f4xx_hal.c **** #endif /* DATA_CACHE_ENABLE */
 167:Drivers/STM32F4xx_HAL_Driver/Src/stm32f4xx_hal.c **** 
 168:Drivers/STM32F4xx_HAL_Driver/Src/stm32f4xx_hal.c **** #if (PREFETCH_ENABLE != 0U)
 169:Drivers/STM32F4xx_HAL_Driver/Src/stm32f4xx_hal.c ****   __HAL_FLASH_PREFETCH_BUFFER_ENABLE();
 170:Drivers/STM32F4xx_HAL_Driver/Src/stm32f4xx_hal.c **** #endif /* PREFETCH_ENABLE */
 171:Drivers/STM32F4xx_HAL_Driver/Src/stm32f4xx_hal.c **** 
 172:Drivers/STM32F4xx_HAL_Driver/Src/stm32f4xx_hal.c ****   /* Set Interrupt Group Priority */
 173:Drivers/STM32F4xx_HAL_Driver/Src/stm32f4xx_hal.c ****   HAL_NVIC_SetPriorityGrouping(NVIC_PRIORITYGROUP_4);
 174:Drivers/STM32F4xx_HAL_Driver/Src/stm32f4xx_hal.c **** 
 175:Drivers/STM32F4xx_HAL_Driver/Src/stm32f4xx_hal.c ****   /* Use systick as time base source and configure 1ms tick (default clock after Reset is HSI) */
 176:Drivers/STM32F4xx_HAL_Driver/Src/stm32f4xx_hal.c ****   HAL_InitTick(TICK_INT_PRIORITY);
 177:Drivers/STM32F4xx_HAL_Driver/Src/stm32f4xx_hal.c **** 
 178:Drivers/STM32F4xx_HAL_Driver/Src/stm32f4xx_hal.c ****   /* Init the low level hardware */
 179:Drivers/STM32F4xx_HAL_Driver/Src/stm32f4xx_hal.c ****   HAL_MspInit();
 180:Drivers/STM32F4xx_HAL_Driver/Src/stm32f4xx_hal.c **** 
 181:Drivers/STM32F4xx_HAL_Driver/Src/stm32f4xx_hal.c ****   /* Return function status */
 182:Drivers/STM32F4xx_HAL_Driver/Src/stm32f4xx_hal.c ****   return HAL_OK;
 183:Drivers/STM32F4xx_HAL_Driver/Src/stm32f4xx_hal.c **** }
 184:Drivers/STM32F4xx_HAL_Driver/Src/stm32f4xx_hal.c **** 
 185:Drivers/STM32F4xx_HAL_Driver/Src/stm32f4xx_hal.c **** /**
 186:Drivers/STM32F4xx_HAL_Driver/Src/stm32f4xx_hal.c ****   * @brief  This function de-Initializes common part of the HAL and stops the systick.
 187:Drivers/STM32F4xx_HAL_Driver/Src/stm32f4xx_hal.c ****   *         This function is optional.   
 188:Drivers/STM32F4xx_HAL_Driver/Src/stm32f4xx_hal.c ****   * @retval HAL status
 189:Drivers/STM32F4xx_HAL_Driver/Src/stm32f4xx_hal.c ****   */
 190:Drivers/STM32F4xx_HAL_Driver/Src/stm32f4xx_hal.c **** HAL_StatusTypeDef HAL_DeInit(void)
 191:Drivers/STM32F4xx_HAL_Driver/Src/stm32f4xx_hal.c **** {
 192:Drivers/STM32F4xx_HAL_Driver/Src/stm32f4xx_hal.c ****   /* Reset of all peripherals */
 193:Drivers/STM32F4xx_HAL_Driver/Src/stm32f4xx_hal.c ****   __HAL_RCC_APB1_FORCE_RESET();
 194:Drivers/STM32F4xx_HAL_Driver/Src/stm32f4xx_hal.c ****   __HAL_RCC_APB1_RELEASE_RESET();
 195:Drivers/STM32F4xx_HAL_Driver/Src/stm32f4xx_hal.c **** 
 196:Drivers/STM32F4xx_HAL_Driver/Src/stm32f4xx_hal.c ****   __HAL_RCC_APB2_FORCE_RESET();
 197:Drivers/STM32F4xx_HAL_Driver/Src/stm32f4xx_hal.c ****   __HAL_RCC_APB2_RELEASE_RESET();
 198:Drivers/STM32F4xx_HAL_Driver/Src/stm32f4xx_hal.c **** 
 199:Drivers/STM32F4xx_HAL_Driver/Src/stm32f4xx_hal.c ****   __HAL_RCC_AHB1_FORCE_RESET();
 200:Drivers/STM32F4xx_HAL_Driver/Src/stm32f4xx_hal.c ****   __HAL_RCC_AHB1_RELEASE_RESET();
 201:Drivers/STM32F4xx_HAL_Driver/Src/stm32f4xx_hal.c **** 
 202:Drivers/STM32F4xx_HAL_Driver/Src/stm32f4xx_hal.c ****   __HAL_RCC_AHB2_FORCE_RESET();
ARM GAS  /tmp/ccwRjDp7.s 			page 5


 203:Drivers/STM32F4xx_HAL_Driver/Src/stm32f4xx_hal.c ****   __HAL_RCC_AHB2_RELEASE_RESET();
 204:Drivers/STM32F4xx_HAL_Driver/Src/stm32f4xx_hal.c **** 
 205:Drivers/STM32F4xx_HAL_Driver/Src/stm32f4xx_hal.c ****   __HAL_RCC_AHB3_FORCE_RESET();
 206:Drivers/STM32F4xx_HAL_Driver/Src/stm32f4xx_hal.c ****   __HAL_RCC_AHB3_RELEASE_RESET();
 207:Drivers/STM32F4xx_HAL_Driver/Src/stm32f4xx_hal.c **** 
 208:Drivers/STM32F4xx_HAL_Driver/Src/stm32f4xx_hal.c ****   /* De-Init the low level hardware */
 209:Drivers/STM32F4xx_HAL_Driver/Src/stm32f4xx_hal.c ****   HAL_MspDeInit();
 210:Drivers/STM32F4xx_HAL_Driver/Src/stm32f4xx_hal.c ****     
 211:Drivers/STM32F4xx_HAL_Driver/Src/stm32f4xx_hal.c ****   /* Return function status */
 212:Drivers/STM32F4xx_HAL_Driver/Src/stm32f4xx_hal.c ****   return HAL_OK;
 213:Drivers/STM32F4xx_HAL_Driver/Src/stm32f4xx_hal.c **** }
 214:Drivers/STM32F4xx_HAL_Driver/Src/stm32f4xx_hal.c **** 
 215:Drivers/STM32F4xx_HAL_Driver/Src/stm32f4xx_hal.c **** /**
 216:Drivers/STM32F4xx_HAL_Driver/Src/stm32f4xx_hal.c ****   * @brief  Initialize the MSP.
 217:Drivers/STM32F4xx_HAL_Driver/Src/stm32f4xx_hal.c ****   * @retval None
 218:Drivers/STM32F4xx_HAL_Driver/Src/stm32f4xx_hal.c ****   */
 219:Drivers/STM32F4xx_HAL_Driver/Src/stm32f4xx_hal.c **** __weak void HAL_MspInit(void)
 220:Drivers/STM32F4xx_HAL_Driver/Src/stm32f4xx_hal.c **** {
  28              		.loc 1 220 0
  29              		.cfi_startproc
  30              		@ args = 0, pretend = 0, frame = 0
  31              		@ frame_needed = 0, uses_anonymous_args = 0
  32              		@ link register save eliminated.
  33 0000 7047     		bx	lr
  34              		.cfi_endproc
  35              	.LFE132:
  37              		.section	.text.HAL_MspDeInit,"ax",%progbits
  38              		.align	1
  39              		.weak	HAL_MspDeInit
  40              		.syntax unified
  41              		.thumb
  42              		.thumb_func
  43              		.fpu fpv4-sp-d16
  45              	HAL_MspDeInit:
  46              	.LFB133:
 221:Drivers/STM32F4xx_HAL_Driver/Src/stm32f4xx_hal.c ****   /* NOTE : This function should not be modified, when the callback is needed,
 222:Drivers/STM32F4xx_HAL_Driver/Src/stm32f4xx_hal.c ****             the HAL_MspInit could be implemented in the user file
 223:Drivers/STM32F4xx_HAL_Driver/Src/stm32f4xx_hal.c ****    */
 224:Drivers/STM32F4xx_HAL_Driver/Src/stm32f4xx_hal.c **** }
 225:Drivers/STM32F4xx_HAL_Driver/Src/stm32f4xx_hal.c **** 
 226:Drivers/STM32F4xx_HAL_Driver/Src/stm32f4xx_hal.c **** /**
 227:Drivers/STM32F4xx_HAL_Driver/Src/stm32f4xx_hal.c ****   * @brief  DeInitializes the MSP.
 228:Drivers/STM32F4xx_HAL_Driver/Src/stm32f4xx_hal.c ****   * @retval None
 229:Drivers/STM32F4xx_HAL_Driver/Src/stm32f4xx_hal.c ****   */
 230:Drivers/STM32F4xx_HAL_Driver/Src/stm32f4xx_hal.c **** __weak void HAL_MspDeInit(void)
 231:Drivers/STM32F4xx_HAL_Driver/Src/stm32f4xx_hal.c **** {
  47              		.loc 1 231 0
  48              		.cfi_startproc
  49              		@ args = 0, pretend = 0, frame = 0
  50              		@ frame_needed = 0, uses_anonymous_args = 0
  51              		@ link register save eliminated.
  52 0000 7047     		bx	lr
  53              		.cfi_endproc
  54              	.LFE133:
  56              		.section	.text.HAL_DeInit,"ax",%progbits
  57              		.align	1
  58              		.global	HAL_DeInit
ARM GAS  /tmp/ccwRjDp7.s 			page 6


  59              		.syntax unified
  60              		.thumb
  61              		.thumb_func
  62              		.fpu fpv4-sp-d16
  64              	HAL_DeInit:
  65              	.LFB131:
 191:Drivers/STM32F4xx_HAL_Driver/Src/stm32f4xx_hal.c ****   /* Reset of all peripherals */
  66              		.loc 1 191 0
  67              		.cfi_startproc
  68              		@ args = 0, pretend = 0, frame = 0
  69              		@ frame_needed = 0, uses_anonymous_args = 0
 191:Drivers/STM32F4xx_HAL_Driver/Src/stm32f4xx_hal.c ****   /* Reset of all peripherals */
  70              		.loc 1 191 0
  71 0000 10B5     		push	{r4, lr}
  72              		.cfi_def_cfa_offset 8
  73              		.cfi_offset 4, -8
  74              		.cfi_offset 14, -4
 193:Drivers/STM32F4xx_HAL_Driver/Src/stm32f4xx_hal.c ****   __HAL_RCC_APB1_RELEASE_RESET();
  75              		.loc 1 193 0
  76 0002 094B     		ldr	r3, .L5
  77 0004 4FF0FF32 		mov	r2, #-1
  78 0008 1A62     		str	r2, [r3, #32]
 194:Drivers/STM32F4xx_HAL_Driver/Src/stm32f4xx_hal.c **** 
  79              		.loc 1 194 0
  80 000a 0024     		movs	r4, #0
  81 000c 1C62     		str	r4, [r3, #32]
 196:Drivers/STM32F4xx_HAL_Driver/Src/stm32f4xx_hal.c ****   __HAL_RCC_APB2_RELEASE_RESET();
  82              		.loc 1 196 0
  83 000e 5A62     		str	r2, [r3, #36]
 197:Drivers/STM32F4xx_HAL_Driver/Src/stm32f4xx_hal.c **** 
  84              		.loc 1 197 0
  85 0010 5C62     		str	r4, [r3, #36]
 199:Drivers/STM32F4xx_HAL_Driver/Src/stm32f4xx_hal.c ****   __HAL_RCC_AHB1_RELEASE_RESET();
  86              		.loc 1 199 0
  87 0012 1A61     		str	r2, [r3, #16]
 200:Drivers/STM32F4xx_HAL_Driver/Src/stm32f4xx_hal.c **** 
  88              		.loc 1 200 0
  89 0014 1C61     		str	r4, [r3, #16]
 202:Drivers/STM32F4xx_HAL_Driver/Src/stm32f4xx_hal.c ****   __HAL_RCC_AHB2_RELEASE_RESET();
  90              		.loc 1 202 0
  91 0016 5A61     		str	r2, [r3, #20]
 203:Drivers/STM32F4xx_HAL_Driver/Src/stm32f4xx_hal.c **** 
  92              		.loc 1 203 0
  93 0018 5C61     		str	r4, [r3, #20]
 205:Drivers/STM32F4xx_HAL_Driver/Src/stm32f4xx_hal.c ****   __HAL_RCC_AHB3_RELEASE_RESET();
  94              		.loc 1 205 0
  95 001a 9A61     		str	r2, [r3, #24]
 206:Drivers/STM32F4xx_HAL_Driver/Src/stm32f4xx_hal.c **** 
  96              		.loc 1 206 0
  97 001c 9C61     		str	r4, [r3, #24]
 209:Drivers/STM32F4xx_HAL_Driver/Src/stm32f4xx_hal.c ****     
  98              		.loc 1 209 0
  99 001e FFF7FEFF 		bl	HAL_MspDeInit
 100              	.LVL0:
 213:Drivers/STM32F4xx_HAL_Driver/Src/stm32f4xx_hal.c **** 
 101              		.loc 1 213 0
 102 0022 2046     		mov	r0, r4
ARM GAS  /tmp/ccwRjDp7.s 			page 7


 103 0024 10BD     		pop	{r4, pc}
 104              	.L6:
 105 0026 00BF     		.align	2
 106              	.L5:
 107 0028 00380240 		.word	1073887232
 108              		.cfi_endproc
 109              	.LFE131:
 111              		.section	.text.HAL_InitTick,"ax",%progbits
 112              		.align	1
 113              		.weak	HAL_InitTick
 114              		.syntax unified
 115              		.thumb
 116              		.thumb_func
 117              		.fpu fpv4-sp-d16
 119              	HAL_InitTick:
 120              	.LFB134:
 232:Drivers/STM32F4xx_HAL_Driver/Src/stm32f4xx_hal.c ****   /* NOTE : This function should not be modified, when the callback is needed,
 233:Drivers/STM32F4xx_HAL_Driver/Src/stm32f4xx_hal.c ****             the HAL_MspDeInit could be implemented in the user file
 234:Drivers/STM32F4xx_HAL_Driver/Src/stm32f4xx_hal.c ****    */ 
 235:Drivers/STM32F4xx_HAL_Driver/Src/stm32f4xx_hal.c **** }
 236:Drivers/STM32F4xx_HAL_Driver/Src/stm32f4xx_hal.c **** 
 237:Drivers/STM32F4xx_HAL_Driver/Src/stm32f4xx_hal.c **** /**
 238:Drivers/STM32F4xx_HAL_Driver/Src/stm32f4xx_hal.c ****   * @brief This function configures the source of the time base.
 239:Drivers/STM32F4xx_HAL_Driver/Src/stm32f4xx_hal.c ****   *        The time source is configured  to have 1ms time base with a dedicated 
 240:Drivers/STM32F4xx_HAL_Driver/Src/stm32f4xx_hal.c ****   *        Tick interrupt priority.
 241:Drivers/STM32F4xx_HAL_Driver/Src/stm32f4xx_hal.c ****   * @note This function is called  automatically at the beginning of program after
 242:Drivers/STM32F4xx_HAL_Driver/Src/stm32f4xx_hal.c ****   *       reset by HAL_Init() or at any time when clock is reconfigured  by HAL_RCC_ClockConfig().
 243:Drivers/STM32F4xx_HAL_Driver/Src/stm32f4xx_hal.c ****   * @note In the default implementation, SysTick timer is the source of time base. 
 244:Drivers/STM32F4xx_HAL_Driver/Src/stm32f4xx_hal.c ****   *       It is used to generate interrupts at regular time intervals. 
 245:Drivers/STM32F4xx_HAL_Driver/Src/stm32f4xx_hal.c ****   *       Care must be taken if HAL_Delay() is called from a peripheral ISR process, 
 246:Drivers/STM32F4xx_HAL_Driver/Src/stm32f4xx_hal.c ****   *       The SysTick interrupt must have higher priority (numerically lower)
 247:Drivers/STM32F4xx_HAL_Driver/Src/stm32f4xx_hal.c ****   *       than the peripheral interrupt. Otherwise the caller ISR process will be blocked.
 248:Drivers/STM32F4xx_HAL_Driver/Src/stm32f4xx_hal.c ****   *       The function is declared as __weak  to be overwritten  in case of other
 249:Drivers/STM32F4xx_HAL_Driver/Src/stm32f4xx_hal.c ****   *       implementation  in user file.
 250:Drivers/STM32F4xx_HAL_Driver/Src/stm32f4xx_hal.c ****   * @param TickPriority Tick interrupt priority.
 251:Drivers/STM32F4xx_HAL_Driver/Src/stm32f4xx_hal.c ****   * @retval HAL status
 252:Drivers/STM32F4xx_HAL_Driver/Src/stm32f4xx_hal.c ****   */
 253:Drivers/STM32F4xx_HAL_Driver/Src/stm32f4xx_hal.c **** __weak HAL_StatusTypeDef HAL_InitTick(uint32_t TickPriority)
 254:Drivers/STM32F4xx_HAL_Driver/Src/stm32f4xx_hal.c **** {
 121              		.loc 1 254 0
 122              		.cfi_startproc
 123              		@ args = 0, pretend = 0, frame = 0
 124              		@ frame_needed = 0, uses_anonymous_args = 0
 125              	.LVL1:
 126 0000 10B5     		push	{r4, lr}
 127              		.cfi_def_cfa_offset 8
 128              		.cfi_offset 4, -8
 129              		.cfi_offset 14, -4
 130 0002 0446     		mov	r4, r0
 255:Drivers/STM32F4xx_HAL_Driver/Src/stm32f4xx_hal.c ****   /* Configure the SysTick to have interrupt in 1ms time basis*/
 256:Drivers/STM32F4xx_HAL_Driver/Src/stm32f4xx_hal.c ****   if (HAL_SYSTICK_Config(SystemCoreClock / (1000U / uwTickFreq)) > 0U)
 131              		.loc 1 256 0
 132 0004 0E4B     		ldr	r3, .L13
 133 0006 1878     		ldrb	r0, [r3]	@ zero_extendqisi2
 134              	.LVL2:
 135 0008 4FF47A73 		mov	r3, #1000
 136 000c B3FBF0F3 		udiv	r3, r3, r0
ARM GAS  /tmp/ccwRjDp7.s 			page 8


 137 0010 0C4A     		ldr	r2, .L13+4
 138 0012 1068     		ldr	r0, [r2]
 139 0014 B0FBF3F0 		udiv	r0, r0, r3
 140 0018 FFF7FEFF 		bl	HAL_SYSTICK_Config
 141              	.LVL3:
 142 001c 68B9     		cbnz	r0, .L9
 257:Drivers/STM32F4xx_HAL_Driver/Src/stm32f4xx_hal.c ****   {
 258:Drivers/STM32F4xx_HAL_Driver/Src/stm32f4xx_hal.c ****     return HAL_ERROR;
 259:Drivers/STM32F4xx_HAL_Driver/Src/stm32f4xx_hal.c ****   }
 260:Drivers/STM32F4xx_HAL_Driver/Src/stm32f4xx_hal.c **** 
 261:Drivers/STM32F4xx_HAL_Driver/Src/stm32f4xx_hal.c ****   /* Configure the SysTick IRQ priority */
 262:Drivers/STM32F4xx_HAL_Driver/Src/stm32f4xx_hal.c ****   if (TickPriority < (1UL << __NVIC_PRIO_BITS))
 143              		.loc 1 262 0
 144 001e 0F2C     		cmp	r4, #15
 145 0020 01D9     		bls	.L12
 263:Drivers/STM32F4xx_HAL_Driver/Src/stm32f4xx_hal.c ****   {
 264:Drivers/STM32F4xx_HAL_Driver/Src/stm32f4xx_hal.c ****     HAL_NVIC_SetPriority(SysTick_IRQn, TickPriority, 0U);
 265:Drivers/STM32F4xx_HAL_Driver/Src/stm32f4xx_hal.c ****     uwTickPrio = TickPriority;
 266:Drivers/STM32F4xx_HAL_Driver/Src/stm32f4xx_hal.c ****   }
 267:Drivers/STM32F4xx_HAL_Driver/Src/stm32f4xx_hal.c ****   else
 268:Drivers/STM32F4xx_HAL_Driver/Src/stm32f4xx_hal.c ****   {
 269:Drivers/STM32F4xx_HAL_Driver/Src/stm32f4xx_hal.c ****     return HAL_ERROR;
 146              		.loc 1 269 0
 147 0022 0120     		movs	r0, #1
 270:Drivers/STM32F4xx_HAL_Driver/Src/stm32f4xx_hal.c ****   }
 271:Drivers/STM32F4xx_HAL_Driver/Src/stm32f4xx_hal.c **** 
 272:Drivers/STM32F4xx_HAL_Driver/Src/stm32f4xx_hal.c ****   /* Return function status */
 273:Drivers/STM32F4xx_HAL_Driver/Src/stm32f4xx_hal.c ****   return HAL_OK;
 274:Drivers/STM32F4xx_HAL_Driver/Src/stm32f4xx_hal.c **** }
 148              		.loc 1 274 0
 149 0024 10BD     		pop	{r4, pc}
 150              	.LVL4:
 151              	.L12:
 264:Drivers/STM32F4xx_HAL_Driver/Src/stm32f4xx_hal.c ****     uwTickPrio = TickPriority;
 152              		.loc 1 264 0
 153 0026 0022     		movs	r2, #0
 154 0028 2146     		mov	r1, r4
 155 002a 4FF0FF30 		mov	r0, #-1
 156 002e FFF7FEFF 		bl	HAL_NVIC_SetPriority
 157              	.LVL5:
 265:Drivers/STM32F4xx_HAL_Driver/Src/stm32f4xx_hal.c ****   }
 158              		.loc 1 265 0
 159 0032 054B     		ldr	r3, .L13+8
 160 0034 1C60     		str	r4, [r3]
 273:Drivers/STM32F4xx_HAL_Driver/Src/stm32f4xx_hal.c **** }
 161              		.loc 1 273 0
 162 0036 0020     		movs	r0, #0
 163 0038 10BD     		pop	{r4, pc}
 164              	.LVL6:
 165              	.L9:
 258:Drivers/STM32F4xx_HAL_Driver/Src/stm32f4xx_hal.c ****   }
 166              		.loc 1 258 0
 167 003a 0120     		movs	r0, #1
 168 003c 10BD     		pop	{r4, pc}
 169              	.LVL7:
 170              	.L14:
 171 003e 00BF     		.align	2
ARM GAS  /tmp/ccwRjDp7.s 			page 9


 172              	.L13:
 173 0040 00000000 		.word	.LANCHOR0
 174 0044 00000000 		.word	SystemCoreClock
 175 0048 00000000 		.word	.LANCHOR1
 176              		.cfi_endproc
 177              	.LFE134:
 179              		.section	.text.HAL_Init,"ax",%progbits
 180              		.align	1
 181              		.global	HAL_Init
 182              		.syntax unified
 183              		.thumb
 184              		.thumb_func
 185              		.fpu fpv4-sp-d16
 187              	HAL_Init:
 188              	.LFB130:
 158:Drivers/STM32F4xx_HAL_Driver/Src/stm32f4xx_hal.c ****   /* Configure Flash prefetch, Instruction cache, Data cache */ 
 189              		.loc 1 158 0
 190              		.cfi_startproc
 191              		@ args = 0, pretend = 0, frame = 0
 192              		@ frame_needed = 0, uses_anonymous_args = 0
 193 0000 08B5     		push	{r3, lr}
 194              		.cfi_def_cfa_offset 8
 195              		.cfi_offset 3, -8
 196              		.cfi_offset 14, -4
 161:Drivers/STM32F4xx_HAL_Driver/Src/stm32f4xx_hal.c **** #endif /* INSTRUCTION_CACHE_ENABLE */
 197              		.loc 1 161 0
 198 0002 0B4B     		ldr	r3, .L17
 199 0004 1A68     		ldr	r2, [r3]
 200 0006 42F40072 		orr	r2, r2, #512
 201 000a 1A60     		str	r2, [r3]
 165:Drivers/STM32F4xx_HAL_Driver/Src/stm32f4xx_hal.c **** #endif /* DATA_CACHE_ENABLE */
 202              		.loc 1 165 0
 203 000c 1A68     		ldr	r2, [r3]
 204 000e 42F48062 		orr	r2, r2, #1024
 205 0012 1A60     		str	r2, [r3]
 169:Drivers/STM32F4xx_HAL_Driver/Src/stm32f4xx_hal.c **** #endif /* PREFETCH_ENABLE */
 206              		.loc 1 169 0
 207 0014 1A68     		ldr	r2, [r3]
 208 0016 42F48072 		orr	r2, r2, #256
 209 001a 1A60     		str	r2, [r3]
 173:Drivers/STM32F4xx_HAL_Driver/Src/stm32f4xx_hal.c **** 
 210              		.loc 1 173 0
 211 001c 0320     		movs	r0, #3
 212 001e FFF7FEFF 		bl	HAL_NVIC_SetPriorityGrouping
 213              	.LVL8:
 176:Drivers/STM32F4xx_HAL_Driver/Src/stm32f4xx_hal.c **** 
 214              		.loc 1 176 0
 215 0022 0020     		movs	r0, #0
 216 0024 FFF7FEFF 		bl	HAL_InitTick
 217              	.LVL9:
 179:Drivers/STM32F4xx_HAL_Driver/Src/stm32f4xx_hal.c **** 
 218              		.loc 1 179 0
 219 0028 FFF7FEFF 		bl	HAL_MspInit
 220              	.LVL10:
 183:Drivers/STM32F4xx_HAL_Driver/Src/stm32f4xx_hal.c **** 
 221              		.loc 1 183 0
 222 002c 0020     		movs	r0, #0
ARM GAS  /tmp/ccwRjDp7.s 			page 10


 223 002e 08BD     		pop	{r3, pc}
 224              	.L18:
 225              		.align	2
 226              	.L17:
 227 0030 003C0240 		.word	1073888256
 228              		.cfi_endproc
 229              	.LFE130:
 231              		.section	.text.HAL_IncTick,"ax",%progbits
 232              		.align	1
 233              		.weak	HAL_IncTick
 234              		.syntax unified
 235              		.thumb
 236              		.thumb_func
 237              		.fpu fpv4-sp-d16
 239              	HAL_IncTick:
 240              	.LFB135:
 275:Drivers/STM32F4xx_HAL_Driver/Src/stm32f4xx_hal.c **** 
 276:Drivers/STM32F4xx_HAL_Driver/Src/stm32f4xx_hal.c **** /**
 277:Drivers/STM32F4xx_HAL_Driver/Src/stm32f4xx_hal.c ****   * @}
 278:Drivers/STM32F4xx_HAL_Driver/Src/stm32f4xx_hal.c ****   */
 279:Drivers/STM32F4xx_HAL_Driver/Src/stm32f4xx_hal.c **** 
 280:Drivers/STM32F4xx_HAL_Driver/Src/stm32f4xx_hal.c **** /** @defgroup HAL_Exported_Functions_Group2 HAL Control functions 
 281:Drivers/STM32F4xx_HAL_Driver/Src/stm32f4xx_hal.c ****  *  @brief    HAL Control functions
 282:Drivers/STM32F4xx_HAL_Driver/Src/stm32f4xx_hal.c ****  *
 283:Drivers/STM32F4xx_HAL_Driver/Src/stm32f4xx_hal.c **** @verbatim
 284:Drivers/STM32F4xx_HAL_Driver/Src/stm32f4xx_hal.c ****  ===============================================================================
 285:Drivers/STM32F4xx_HAL_Driver/Src/stm32f4xx_hal.c ****                       ##### HAL Control functions #####
 286:Drivers/STM32F4xx_HAL_Driver/Src/stm32f4xx_hal.c ****  ===============================================================================
 287:Drivers/STM32F4xx_HAL_Driver/Src/stm32f4xx_hal.c ****     [..]  This section provides functions allowing to:
 288:Drivers/STM32F4xx_HAL_Driver/Src/stm32f4xx_hal.c ****       (+) Provide a tick value in millisecond
 289:Drivers/STM32F4xx_HAL_Driver/Src/stm32f4xx_hal.c ****       (+) Provide a blocking delay in millisecond
 290:Drivers/STM32F4xx_HAL_Driver/Src/stm32f4xx_hal.c ****       (+) Suspend the time base source interrupt
 291:Drivers/STM32F4xx_HAL_Driver/Src/stm32f4xx_hal.c ****       (+) Resume the time base source interrupt
 292:Drivers/STM32F4xx_HAL_Driver/Src/stm32f4xx_hal.c ****       (+) Get the HAL API driver version
 293:Drivers/STM32F4xx_HAL_Driver/Src/stm32f4xx_hal.c ****       (+) Get the device identifier
 294:Drivers/STM32F4xx_HAL_Driver/Src/stm32f4xx_hal.c ****       (+) Get the device revision identifier
 295:Drivers/STM32F4xx_HAL_Driver/Src/stm32f4xx_hal.c ****       (+) Enable/Disable Debug module during SLEEP mode
 296:Drivers/STM32F4xx_HAL_Driver/Src/stm32f4xx_hal.c ****       (+) Enable/Disable Debug module during STOP mode
 297:Drivers/STM32F4xx_HAL_Driver/Src/stm32f4xx_hal.c ****       (+) Enable/Disable Debug module during STANDBY mode
 298:Drivers/STM32F4xx_HAL_Driver/Src/stm32f4xx_hal.c **** 
 299:Drivers/STM32F4xx_HAL_Driver/Src/stm32f4xx_hal.c **** @endverbatim
 300:Drivers/STM32F4xx_HAL_Driver/Src/stm32f4xx_hal.c ****   * @{
 301:Drivers/STM32F4xx_HAL_Driver/Src/stm32f4xx_hal.c ****   */
 302:Drivers/STM32F4xx_HAL_Driver/Src/stm32f4xx_hal.c **** 
 303:Drivers/STM32F4xx_HAL_Driver/Src/stm32f4xx_hal.c **** /**
 304:Drivers/STM32F4xx_HAL_Driver/Src/stm32f4xx_hal.c ****   * @brief This function is called to increment  a global variable "uwTick"
 305:Drivers/STM32F4xx_HAL_Driver/Src/stm32f4xx_hal.c ****   *        used as application time base.
 306:Drivers/STM32F4xx_HAL_Driver/Src/stm32f4xx_hal.c ****   * @note In the default implementation, this variable is incremented each 1ms
 307:Drivers/STM32F4xx_HAL_Driver/Src/stm32f4xx_hal.c ****   *       in SysTick ISR.
 308:Drivers/STM32F4xx_HAL_Driver/Src/stm32f4xx_hal.c ****  * @note This function is declared as __weak to be overwritten in case of other 
 309:Drivers/STM32F4xx_HAL_Driver/Src/stm32f4xx_hal.c ****   *      implementations in user file.
 310:Drivers/STM32F4xx_HAL_Driver/Src/stm32f4xx_hal.c ****   * @retval None
 311:Drivers/STM32F4xx_HAL_Driver/Src/stm32f4xx_hal.c ****   */
 312:Drivers/STM32F4xx_HAL_Driver/Src/stm32f4xx_hal.c **** __weak void HAL_IncTick(void)
 313:Drivers/STM32F4xx_HAL_Driver/Src/stm32f4xx_hal.c **** {
 241              		.loc 1 313 0
 242              		.cfi_startproc
ARM GAS  /tmp/ccwRjDp7.s 			page 11


 243              		@ args = 0, pretend = 0, frame = 0
 244              		@ frame_needed = 0, uses_anonymous_args = 0
 245              		@ link register save eliminated.
 314:Drivers/STM32F4xx_HAL_Driver/Src/stm32f4xx_hal.c ****   uwTick += uwTickFreq;
 246              		.loc 1 314 0
 247 0000 034A     		ldr	r2, .L20
 248 0002 1168     		ldr	r1, [r2]
 249 0004 034B     		ldr	r3, .L20+4
 250 0006 1B78     		ldrb	r3, [r3]	@ zero_extendqisi2
 251 0008 0B44     		add	r3, r3, r1
 252 000a 1360     		str	r3, [r2]
 253 000c 7047     		bx	lr
 254              	.L21:
 255 000e 00BF     		.align	2
 256              	.L20:
 257 0010 00000000 		.word	uwTick
 258 0014 00000000 		.word	.LANCHOR0
 259              		.cfi_endproc
 260              	.LFE135:
 262              		.section	.text.HAL_GetTick,"ax",%progbits
 263              		.align	1
 264              		.weak	HAL_GetTick
 265              		.syntax unified
 266              		.thumb
 267              		.thumb_func
 268              		.fpu fpv4-sp-d16
 270              	HAL_GetTick:
 271              	.LFB136:
 315:Drivers/STM32F4xx_HAL_Driver/Src/stm32f4xx_hal.c **** }
 316:Drivers/STM32F4xx_HAL_Driver/Src/stm32f4xx_hal.c **** 
 317:Drivers/STM32F4xx_HAL_Driver/Src/stm32f4xx_hal.c **** /**
 318:Drivers/STM32F4xx_HAL_Driver/Src/stm32f4xx_hal.c ****   * @brief Provides a tick value in millisecond.
 319:Drivers/STM32F4xx_HAL_Driver/Src/stm32f4xx_hal.c ****   * @note This function is declared as __weak to be overwritten in case of other 
 320:Drivers/STM32F4xx_HAL_Driver/Src/stm32f4xx_hal.c ****   *       implementations in user file.
 321:Drivers/STM32F4xx_HAL_Driver/Src/stm32f4xx_hal.c ****   * @retval tick value
 322:Drivers/STM32F4xx_HAL_Driver/Src/stm32f4xx_hal.c ****   */
 323:Drivers/STM32F4xx_HAL_Driver/Src/stm32f4xx_hal.c **** __weak uint32_t HAL_GetTick(void)
 324:Drivers/STM32F4xx_HAL_Driver/Src/stm32f4xx_hal.c **** {
 272              		.loc 1 324 0
 273              		.cfi_startproc
 274              		@ args = 0, pretend = 0, frame = 0
 275              		@ frame_needed = 0, uses_anonymous_args = 0
 276              		@ link register save eliminated.
 325:Drivers/STM32F4xx_HAL_Driver/Src/stm32f4xx_hal.c ****   return uwTick;
 277              		.loc 1 325 0
 278 0000 014B     		ldr	r3, .L23
 279 0002 1868     		ldr	r0, [r3]
 326:Drivers/STM32F4xx_HAL_Driver/Src/stm32f4xx_hal.c **** }
 280              		.loc 1 326 0
 281 0004 7047     		bx	lr
 282              	.L24:
 283 0006 00BF     		.align	2
 284              	.L23:
 285 0008 00000000 		.word	uwTick
 286              		.cfi_endproc
 287              	.LFE136:
 289              		.section	.text.HAL_GetTickPrio,"ax",%progbits
ARM GAS  /tmp/ccwRjDp7.s 			page 12


 290              		.align	1
 291              		.global	HAL_GetTickPrio
 292              		.syntax unified
 293              		.thumb
 294              		.thumb_func
 295              		.fpu fpv4-sp-d16
 297              	HAL_GetTickPrio:
 298              	.LFB137:
 327:Drivers/STM32F4xx_HAL_Driver/Src/stm32f4xx_hal.c **** 
 328:Drivers/STM32F4xx_HAL_Driver/Src/stm32f4xx_hal.c **** /**
 329:Drivers/STM32F4xx_HAL_Driver/Src/stm32f4xx_hal.c ****   * @brief This function returns a tick priority.
 330:Drivers/STM32F4xx_HAL_Driver/Src/stm32f4xx_hal.c ****   * @retval tick priority
 331:Drivers/STM32F4xx_HAL_Driver/Src/stm32f4xx_hal.c ****   */
 332:Drivers/STM32F4xx_HAL_Driver/Src/stm32f4xx_hal.c **** uint32_t HAL_GetTickPrio(void)
 333:Drivers/STM32F4xx_HAL_Driver/Src/stm32f4xx_hal.c **** {
 299              		.loc 1 333 0
 300              		.cfi_startproc
 301              		@ args = 0, pretend = 0, frame = 0
 302              		@ frame_needed = 0, uses_anonymous_args = 0
 303              		@ link register save eliminated.
 334:Drivers/STM32F4xx_HAL_Driver/Src/stm32f4xx_hal.c ****   return uwTickPrio;
 335:Drivers/STM32F4xx_HAL_Driver/Src/stm32f4xx_hal.c **** }
 304              		.loc 1 335 0
 305 0000 014B     		ldr	r3, .L26
 306 0002 1868     		ldr	r0, [r3]
 307 0004 7047     		bx	lr
 308              	.L27:
 309 0006 00BF     		.align	2
 310              	.L26:
 311 0008 00000000 		.word	.LANCHOR1
 312              		.cfi_endproc
 313              	.LFE137:
 315              		.section	.text.HAL_SetTickFreq,"ax",%progbits
 316              		.align	1
 317              		.global	HAL_SetTickFreq
 318              		.syntax unified
 319              		.thumb
 320              		.thumb_func
 321              		.fpu fpv4-sp-d16
 323              	HAL_SetTickFreq:
 324              	.LFB138:
 336:Drivers/STM32F4xx_HAL_Driver/Src/stm32f4xx_hal.c **** 
 337:Drivers/STM32F4xx_HAL_Driver/Src/stm32f4xx_hal.c **** /**
 338:Drivers/STM32F4xx_HAL_Driver/Src/stm32f4xx_hal.c ****   * @brief Set new tick Freq.
 339:Drivers/STM32F4xx_HAL_Driver/Src/stm32f4xx_hal.c ****   * @retval Status
 340:Drivers/STM32F4xx_HAL_Driver/Src/stm32f4xx_hal.c ****   */
 341:Drivers/STM32F4xx_HAL_Driver/Src/stm32f4xx_hal.c **** HAL_StatusTypeDef HAL_SetTickFreq(HAL_TickFreqTypeDef Freq)
 342:Drivers/STM32F4xx_HAL_Driver/Src/stm32f4xx_hal.c **** {
 325              		.loc 1 342 0
 326              		.cfi_startproc
 327              		@ args = 0, pretend = 0, frame = 0
 328              		@ frame_needed = 0, uses_anonymous_args = 0
 329              	.LVL11:
 330 0000 10B5     		push	{r4, lr}
 331              		.cfi_def_cfa_offset 8
 332              		.cfi_offset 4, -8
 333              		.cfi_offset 14, -4
ARM GAS  /tmp/ccwRjDp7.s 			page 13


 334              	.LVL12:
 343:Drivers/STM32F4xx_HAL_Driver/Src/stm32f4xx_hal.c ****   HAL_StatusTypeDef status  = HAL_OK;
 344:Drivers/STM32F4xx_HAL_Driver/Src/stm32f4xx_hal.c ****   HAL_TickFreqTypeDef prevTickFreq;
 345:Drivers/STM32F4xx_HAL_Driver/Src/stm32f4xx_hal.c **** 
 346:Drivers/STM32F4xx_HAL_Driver/Src/stm32f4xx_hal.c ****   assert_param(IS_TICKFREQ(Freq));
 347:Drivers/STM32F4xx_HAL_Driver/Src/stm32f4xx_hal.c **** 
 348:Drivers/STM32F4xx_HAL_Driver/Src/stm32f4xx_hal.c ****   if (uwTickFreq != Freq)
 335              		.loc 1 348 0
 336 0002 084B     		ldr	r3, .L32
 337 0004 1C78     		ldrb	r4, [r3]	@ zero_extendqisi2
 338 0006 8442     		cmp	r4, r0
 339 0008 0AD0     		beq	.L30
 340              	.LVL13:
 349:Drivers/STM32F4xx_HAL_Driver/Src/stm32f4xx_hal.c ****   {
 350:Drivers/STM32F4xx_HAL_Driver/Src/stm32f4xx_hal.c ****     /* Back up uwTickFreq frequency */
 351:Drivers/STM32F4xx_HAL_Driver/Src/stm32f4xx_hal.c ****     prevTickFreq = uwTickFreq;
 352:Drivers/STM32F4xx_HAL_Driver/Src/stm32f4xx_hal.c **** 
 353:Drivers/STM32F4xx_HAL_Driver/Src/stm32f4xx_hal.c ****     /* Update uwTickFreq global variable used by HAL_InitTick() */
 354:Drivers/STM32F4xx_HAL_Driver/Src/stm32f4xx_hal.c ****     uwTickFreq = Freq;
 341              		.loc 1 354 0
 342 000a 1870     		strb	r0, [r3]
 355:Drivers/STM32F4xx_HAL_Driver/Src/stm32f4xx_hal.c **** 
 356:Drivers/STM32F4xx_HAL_Driver/Src/stm32f4xx_hal.c ****     /* Apply the new tick Freq  */
 357:Drivers/STM32F4xx_HAL_Driver/Src/stm32f4xx_hal.c ****     status = HAL_InitTick(uwTickPrio);
 343              		.loc 1 357 0
 344 000c 064B     		ldr	r3, .L32+4
 345 000e 1868     		ldr	r0, [r3]
 346              	.LVL14:
 347 0010 FFF7FEFF 		bl	HAL_InitTick
 348              	.LVL15:
 358:Drivers/STM32F4xx_HAL_Driver/Src/stm32f4xx_hal.c **** 
 359:Drivers/STM32F4xx_HAL_Driver/Src/stm32f4xx_hal.c ****     if (status != HAL_OK)
 349              		.loc 1 359 0
 350 0014 0346     		mov	r3, r0
 351 0016 08B1     		cbz	r0, .L29
 360:Drivers/STM32F4xx_HAL_Driver/Src/stm32f4xx_hal.c ****     {
 361:Drivers/STM32F4xx_HAL_Driver/Src/stm32f4xx_hal.c ****       /* Restore previous tick frequency */
 362:Drivers/STM32F4xx_HAL_Driver/Src/stm32f4xx_hal.c ****       uwTickFreq = prevTickFreq;
 352              		.loc 1 362 0
 353 0018 024A     		ldr	r2, .L32
 354 001a 1470     		strb	r4, [r2]
 355              	.LVL16:
 356              	.L29:
 363:Drivers/STM32F4xx_HAL_Driver/Src/stm32f4xx_hal.c ****     }
 364:Drivers/STM32F4xx_HAL_Driver/Src/stm32f4xx_hal.c ****   }
 365:Drivers/STM32F4xx_HAL_Driver/Src/stm32f4xx_hal.c **** 
 366:Drivers/STM32F4xx_HAL_Driver/Src/stm32f4xx_hal.c ****   return status;
 367:Drivers/STM32F4xx_HAL_Driver/Src/stm32f4xx_hal.c **** }
 357              		.loc 1 367 0
 358 001c 1846     		mov	r0, r3
 359 001e 10BD     		pop	{r4, pc}
 360              	.LVL17:
 361              	.L30:
 343:Drivers/STM32F4xx_HAL_Driver/Src/stm32f4xx_hal.c ****   HAL_TickFreqTypeDef prevTickFreq;
 362              		.loc 1 343 0
 363 0020 0023     		movs	r3, #0
 364 0022 FBE7     		b	.L29
ARM GAS  /tmp/ccwRjDp7.s 			page 14


 365              	.L33:
 366              		.align	2
 367              	.L32:
 368 0024 00000000 		.word	.LANCHOR0
 369 0028 00000000 		.word	.LANCHOR1
 370              		.cfi_endproc
 371              	.LFE138:
 373              		.section	.text.HAL_GetTickFreq,"ax",%progbits
 374              		.align	1
 375              		.global	HAL_GetTickFreq
 376              		.syntax unified
 377              		.thumb
 378              		.thumb_func
 379              		.fpu fpv4-sp-d16
 381              	HAL_GetTickFreq:
 382              	.LFB139:
 368:Drivers/STM32F4xx_HAL_Driver/Src/stm32f4xx_hal.c **** 
 369:Drivers/STM32F4xx_HAL_Driver/Src/stm32f4xx_hal.c **** /**
 370:Drivers/STM32F4xx_HAL_Driver/Src/stm32f4xx_hal.c ****   * @brief Return tick frequency.
 371:Drivers/STM32F4xx_HAL_Driver/Src/stm32f4xx_hal.c ****   * @retval tick period in Hz
 372:Drivers/STM32F4xx_HAL_Driver/Src/stm32f4xx_hal.c ****   */
 373:Drivers/STM32F4xx_HAL_Driver/Src/stm32f4xx_hal.c **** HAL_TickFreqTypeDef HAL_GetTickFreq(void)
 374:Drivers/STM32F4xx_HAL_Driver/Src/stm32f4xx_hal.c **** {
 383              		.loc 1 374 0
 384              		.cfi_startproc
 385              		@ args = 0, pretend = 0, frame = 0
 386              		@ frame_needed = 0, uses_anonymous_args = 0
 387              		@ link register save eliminated.
 375:Drivers/STM32F4xx_HAL_Driver/Src/stm32f4xx_hal.c ****   return uwTickFreq;
 376:Drivers/STM32F4xx_HAL_Driver/Src/stm32f4xx_hal.c **** }
 388              		.loc 1 376 0
 389 0000 014B     		ldr	r3, .L35
 390 0002 1878     		ldrb	r0, [r3]	@ zero_extendqisi2
 391 0004 7047     		bx	lr
 392              	.L36:
 393 0006 00BF     		.align	2
 394              	.L35:
 395 0008 00000000 		.word	.LANCHOR0
 396              		.cfi_endproc
 397              	.LFE139:
 399              		.section	.text.HAL_Delay,"ax",%progbits
 400              		.align	1
 401              		.weak	HAL_Delay
 402              		.syntax unified
 403              		.thumb
 404              		.thumb_func
 405              		.fpu fpv4-sp-d16
 407              	HAL_Delay:
 408              	.LFB140:
 377:Drivers/STM32F4xx_HAL_Driver/Src/stm32f4xx_hal.c **** 
 378:Drivers/STM32F4xx_HAL_Driver/Src/stm32f4xx_hal.c **** /**
 379:Drivers/STM32F4xx_HAL_Driver/Src/stm32f4xx_hal.c ****   * @brief This function provides minimum delay (in milliseconds) based 
 380:Drivers/STM32F4xx_HAL_Driver/Src/stm32f4xx_hal.c ****   *        on variable incremented.
 381:Drivers/STM32F4xx_HAL_Driver/Src/stm32f4xx_hal.c ****   * @note In the default implementation , SysTick timer is the source of time base.
 382:Drivers/STM32F4xx_HAL_Driver/Src/stm32f4xx_hal.c ****   *       It is used to generate interrupts at regular time intervals where uwTick
 383:Drivers/STM32F4xx_HAL_Driver/Src/stm32f4xx_hal.c ****   *       is incremented.
 384:Drivers/STM32F4xx_HAL_Driver/Src/stm32f4xx_hal.c ****   * @note This function is declared as __weak to be overwritten in case of other
ARM GAS  /tmp/ccwRjDp7.s 			page 15


 385:Drivers/STM32F4xx_HAL_Driver/Src/stm32f4xx_hal.c ****   *       implementations in user file.
 386:Drivers/STM32F4xx_HAL_Driver/Src/stm32f4xx_hal.c ****   * @param Delay specifies the delay time length, in milliseconds.
 387:Drivers/STM32F4xx_HAL_Driver/Src/stm32f4xx_hal.c ****   * @retval None
 388:Drivers/STM32F4xx_HAL_Driver/Src/stm32f4xx_hal.c ****   */
 389:Drivers/STM32F4xx_HAL_Driver/Src/stm32f4xx_hal.c **** __weak void HAL_Delay(uint32_t Delay)
 390:Drivers/STM32F4xx_HAL_Driver/Src/stm32f4xx_hal.c **** {
 409              		.loc 1 390 0
 410              		.cfi_startproc
 411              		@ args = 0, pretend = 0, frame = 0
 412              		@ frame_needed = 0, uses_anonymous_args = 0
 413              	.LVL18:
 414 0000 38B5     		push	{r3, r4, r5, lr}
 415              		.cfi_def_cfa_offset 16
 416              		.cfi_offset 3, -16
 417              		.cfi_offset 4, -12
 418              		.cfi_offset 5, -8
 419              		.cfi_offset 14, -4
 420 0002 0446     		mov	r4, r0
 391:Drivers/STM32F4xx_HAL_Driver/Src/stm32f4xx_hal.c ****   uint32_t tickstart = HAL_GetTick();
 421              		.loc 1 391 0
 422 0004 FFF7FEFF 		bl	HAL_GetTick
 423              	.LVL19:
 424 0008 0546     		mov	r5, r0
 425              	.LVL20:
 392:Drivers/STM32F4xx_HAL_Driver/Src/stm32f4xx_hal.c ****   uint32_t wait = Delay;
 393:Drivers/STM32F4xx_HAL_Driver/Src/stm32f4xx_hal.c **** 
 394:Drivers/STM32F4xx_HAL_Driver/Src/stm32f4xx_hal.c ****   /* Add a freq to guarantee minimum wait */
 395:Drivers/STM32F4xx_HAL_Driver/Src/stm32f4xx_hal.c ****   if (wait < HAL_MAX_DELAY)
 426              		.loc 1 395 0
 427 000a B4F1FF3F 		cmp	r4, #-1
 428 000e 02D0     		beq	.L39
 396:Drivers/STM32F4xx_HAL_Driver/Src/stm32f4xx_hal.c ****   {
 397:Drivers/STM32F4xx_HAL_Driver/Src/stm32f4xx_hal.c ****     wait += (uint32_t)(uwTickFreq);
 429              		.loc 1 397 0
 430 0010 044B     		ldr	r3, .L41
 431 0012 1B78     		ldrb	r3, [r3]	@ zero_extendqisi2
 432 0014 1C44     		add	r4, r4, r3
 433              	.LVL21:
 434              	.L39:
 398:Drivers/STM32F4xx_HAL_Driver/Src/stm32f4xx_hal.c ****   }
 399:Drivers/STM32F4xx_HAL_Driver/Src/stm32f4xx_hal.c **** 
 400:Drivers/STM32F4xx_HAL_Driver/Src/stm32f4xx_hal.c ****   while((HAL_GetTick() - tickstart) < wait)
 435              		.loc 1 400 0 discriminator 1
 436 0016 FFF7FEFF 		bl	HAL_GetTick
 437              	.LVL22:
 438 001a 401B     		subs	r0, r0, r5
 439 001c 8442     		cmp	r4, r0
 440 001e FAD8     		bhi	.L39
 401:Drivers/STM32F4xx_HAL_Driver/Src/stm32f4xx_hal.c ****   {
 402:Drivers/STM32F4xx_HAL_Driver/Src/stm32f4xx_hal.c ****   }
 403:Drivers/STM32F4xx_HAL_Driver/Src/stm32f4xx_hal.c **** }
 441              		.loc 1 403 0
 442 0020 38BD     		pop	{r3, r4, r5, pc}
 443              	.LVL23:
 444              	.L42:
 445 0022 00BF     		.align	2
 446              	.L41:
ARM GAS  /tmp/ccwRjDp7.s 			page 16


 447 0024 00000000 		.word	.LANCHOR0
 448              		.cfi_endproc
 449              	.LFE140:
 451              		.section	.text.HAL_SuspendTick,"ax",%progbits
 452              		.align	1
 453              		.weak	HAL_SuspendTick
 454              		.syntax unified
 455              		.thumb
 456              		.thumb_func
 457              		.fpu fpv4-sp-d16
 459              	HAL_SuspendTick:
 460              	.LFB141:
 404:Drivers/STM32F4xx_HAL_Driver/Src/stm32f4xx_hal.c **** 
 405:Drivers/STM32F4xx_HAL_Driver/Src/stm32f4xx_hal.c **** /**
 406:Drivers/STM32F4xx_HAL_Driver/Src/stm32f4xx_hal.c ****   * @brief Suspend Tick increment.
 407:Drivers/STM32F4xx_HAL_Driver/Src/stm32f4xx_hal.c ****   * @note In the default implementation , SysTick timer is the source of time base. It is
 408:Drivers/STM32F4xx_HAL_Driver/Src/stm32f4xx_hal.c ****   *       used to generate interrupts at regular time intervals. Once HAL_SuspendTick()
 409:Drivers/STM32F4xx_HAL_Driver/Src/stm32f4xx_hal.c ****   *       is called, the SysTick interrupt will be disabled and so Tick increment 
 410:Drivers/STM32F4xx_HAL_Driver/Src/stm32f4xx_hal.c ****   *       is suspended.
 411:Drivers/STM32F4xx_HAL_Driver/Src/stm32f4xx_hal.c ****   * @note This function is declared as __weak to be overwritten in case of other
 412:Drivers/STM32F4xx_HAL_Driver/Src/stm32f4xx_hal.c ****   *       implementations in user file.
 413:Drivers/STM32F4xx_HAL_Driver/Src/stm32f4xx_hal.c ****   * @retval None
 414:Drivers/STM32F4xx_HAL_Driver/Src/stm32f4xx_hal.c ****   */
 415:Drivers/STM32F4xx_HAL_Driver/Src/stm32f4xx_hal.c **** __weak void HAL_SuspendTick(void)
 416:Drivers/STM32F4xx_HAL_Driver/Src/stm32f4xx_hal.c **** {
 461              		.loc 1 416 0
 462              		.cfi_startproc
 463              		@ args = 0, pretend = 0, frame = 0
 464              		@ frame_needed = 0, uses_anonymous_args = 0
 465              		@ link register save eliminated.
 417:Drivers/STM32F4xx_HAL_Driver/Src/stm32f4xx_hal.c ****   /* Disable SysTick Interrupt */
 418:Drivers/STM32F4xx_HAL_Driver/Src/stm32f4xx_hal.c ****   SysTick->CTRL &= ~SysTick_CTRL_TICKINT_Msk;
 466              		.loc 1 418 0
 467 0000 024A     		ldr	r2, .L44
 468 0002 1368     		ldr	r3, [r2]
 469 0004 23F00203 		bic	r3, r3, #2
 470 0008 1360     		str	r3, [r2]
 471 000a 7047     		bx	lr
 472              	.L45:
 473              		.align	2
 474              	.L44:
 475 000c 10E000E0 		.word	-536813552
 476              		.cfi_endproc
 477              	.LFE141:
 479              		.section	.text.HAL_ResumeTick,"ax",%progbits
 480              		.align	1
 481              		.weak	HAL_ResumeTick
 482              		.syntax unified
 483              		.thumb
 484              		.thumb_func
 485              		.fpu fpv4-sp-d16
 487              	HAL_ResumeTick:
 488              	.LFB142:
 419:Drivers/STM32F4xx_HAL_Driver/Src/stm32f4xx_hal.c **** }
 420:Drivers/STM32F4xx_HAL_Driver/Src/stm32f4xx_hal.c **** 
 421:Drivers/STM32F4xx_HAL_Driver/Src/stm32f4xx_hal.c **** /**
 422:Drivers/STM32F4xx_HAL_Driver/Src/stm32f4xx_hal.c ****   * @brief Resume Tick increment.
ARM GAS  /tmp/ccwRjDp7.s 			page 17


 423:Drivers/STM32F4xx_HAL_Driver/Src/stm32f4xx_hal.c ****   * @note In the default implementation , SysTick timer is the source of time base. It is
 424:Drivers/STM32F4xx_HAL_Driver/Src/stm32f4xx_hal.c ****   *       used to generate interrupts at regular time intervals. Once HAL_ResumeTick()
 425:Drivers/STM32F4xx_HAL_Driver/Src/stm32f4xx_hal.c ****   *       is called, the SysTick interrupt will be enabled and so Tick increment 
 426:Drivers/STM32F4xx_HAL_Driver/Src/stm32f4xx_hal.c ****   *       is resumed.
 427:Drivers/STM32F4xx_HAL_Driver/Src/stm32f4xx_hal.c ****   * @note This function is declared as __weak to be overwritten in case of other
 428:Drivers/STM32F4xx_HAL_Driver/Src/stm32f4xx_hal.c ****   *       implementations in user file.
 429:Drivers/STM32F4xx_HAL_Driver/Src/stm32f4xx_hal.c ****   * @retval None
 430:Drivers/STM32F4xx_HAL_Driver/Src/stm32f4xx_hal.c ****   */
 431:Drivers/STM32F4xx_HAL_Driver/Src/stm32f4xx_hal.c **** __weak void HAL_ResumeTick(void)
 432:Drivers/STM32F4xx_HAL_Driver/Src/stm32f4xx_hal.c **** {
 489              		.loc 1 432 0
 490              		.cfi_startproc
 491              		@ args = 0, pretend = 0, frame = 0
 492              		@ frame_needed = 0, uses_anonymous_args = 0
 493              		@ link register save eliminated.
 433:Drivers/STM32F4xx_HAL_Driver/Src/stm32f4xx_hal.c ****   /* Enable SysTick Interrupt */
 434:Drivers/STM32F4xx_HAL_Driver/Src/stm32f4xx_hal.c ****   SysTick->CTRL  |= SysTick_CTRL_TICKINT_Msk;
 494              		.loc 1 434 0
 495 0000 024A     		ldr	r2, .L47
 496 0002 1368     		ldr	r3, [r2]
 497 0004 43F00203 		orr	r3, r3, #2
 498 0008 1360     		str	r3, [r2]
 499 000a 7047     		bx	lr
 500              	.L48:
 501              		.align	2
 502              	.L47:
 503 000c 10E000E0 		.word	-536813552
 504              		.cfi_endproc
 505              	.LFE142:
 507              		.section	.text.HAL_GetHalVersion,"ax",%progbits
 508              		.align	1
 509              		.global	HAL_GetHalVersion
 510              		.syntax unified
 511              		.thumb
 512              		.thumb_func
 513              		.fpu fpv4-sp-d16
 515              	HAL_GetHalVersion:
 516              	.LFB143:
 435:Drivers/STM32F4xx_HAL_Driver/Src/stm32f4xx_hal.c **** }
 436:Drivers/STM32F4xx_HAL_Driver/Src/stm32f4xx_hal.c **** 
 437:Drivers/STM32F4xx_HAL_Driver/Src/stm32f4xx_hal.c **** /**
 438:Drivers/STM32F4xx_HAL_Driver/Src/stm32f4xx_hal.c ****   * @brief  Returns the HAL revision
 439:Drivers/STM32F4xx_HAL_Driver/Src/stm32f4xx_hal.c ****   * @retval version : 0xXYZR (8bits for each decimal, R for RC)
 440:Drivers/STM32F4xx_HAL_Driver/Src/stm32f4xx_hal.c ****   */
 441:Drivers/STM32F4xx_HAL_Driver/Src/stm32f4xx_hal.c **** uint32_t HAL_GetHalVersion(void)
 442:Drivers/STM32F4xx_HAL_Driver/Src/stm32f4xx_hal.c **** {
 517              		.loc 1 442 0
 518              		.cfi_startproc
 519              		@ args = 0, pretend = 0, frame = 0
 520              		@ frame_needed = 0, uses_anonymous_args = 0
 521              		@ link register save eliminated.
 443:Drivers/STM32F4xx_HAL_Driver/Src/stm32f4xx_hal.c ****   return __STM32F4xx_HAL_VERSION;
 444:Drivers/STM32F4xx_HAL_Driver/Src/stm32f4xx_hal.c **** }
 522              		.loc 1 444 0
 523 0000 0048     		ldr	r0, .L50
 524 0002 7047     		bx	lr
 525              	.L51:
ARM GAS  /tmp/ccwRjDp7.s 			page 18


 526              		.align	2
 527              	.L50:
 528 0004 000A0701 		.word	17238528
 529              		.cfi_endproc
 530              	.LFE143:
 532              		.section	.text.HAL_GetREVID,"ax",%progbits
 533              		.align	1
 534              		.global	HAL_GetREVID
 535              		.syntax unified
 536              		.thumb
 537              		.thumb_func
 538              		.fpu fpv4-sp-d16
 540              	HAL_GetREVID:
 541              	.LFB144:
 445:Drivers/STM32F4xx_HAL_Driver/Src/stm32f4xx_hal.c **** 
 446:Drivers/STM32F4xx_HAL_Driver/Src/stm32f4xx_hal.c **** /**
 447:Drivers/STM32F4xx_HAL_Driver/Src/stm32f4xx_hal.c ****   * @brief  Returns the device revision identifier.
 448:Drivers/STM32F4xx_HAL_Driver/Src/stm32f4xx_hal.c ****   * @retval Device revision identifier
 449:Drivers/STM32F4xx_HAL_Driver/Src/stm32f4xx_hal.c ****   */
 450:Drivers/STM32F4xx_HAL_Driver/Src/stm32f4xx_hal.c **** uint32_t HAL_GetREVID(void)
 451:Drivers/STM32F4xx_HAL_Driver/Src/stm32f4xx_hal.c **** {
 542              		.loc 1 451 0
 543              		.cfi_startproc
 544              		@ args = 0, pretend = 0, frame = 0
 545              		@ frame_needed = 0, uses_anonymous_args = 0
 546              		@ link register save eliminated.
 452:Drivers/STM32F4xx_HAL_Driver/Src/stm32f4xx_hal.c ****   return((DBGMCU->IDCODE) >> 16U);
 547              		.loc 1 452 0
 548 0000 014B     		ldr	r3, .L53
 549 0002 1868     		ldr	r0, [r3]
 453:Drivers/STM32F4xx_HAL_Driver/Src/stm32f4xx_hal.c **** }
 550              		.loc 1 453 0
 551 0004 000C     		lsrs	r0, r0, #16
 552 0006 7047     		bx	lr
 553              	.L54:
 554              		.align	2
 555              	.L53:
 556 0008 002004E0 		.word	-536600576
 557              		.cfi_endproc
 558              	.LFE144:
 560              		.section	.text.HAL_GetDEVID,"ax",%progbits
 561              		.align	1
 562              		.global	HAL_GetDEVID
 563              		.syntax unified
 564              		.thumb
 565              		.thumb_func
 566              		.fpu fpv4-sp-d16
 568              	HAL_GetDEVID:
 569              	.LFB145:
 454:Drivers/STM32F4xx_HAL_Driver/Src/stm32f4xx_hal.c **** 
 455:Drivers/STM32F4xx_HAL_Driver/Src/stm32f4xx_hal.c **** /**
 456:Drivers/STM32F4xx_HAL_Driver/Src/stm32f4xx_hal.c ****   * @brief  Returns the device identifier.
 457:Drivers/STM32F4xx_HAL_Driver/Src/stm32f4xx_hal.c ****   * @retval Device identifier
 458:Drivers/STM32F4xx_HAL_Driver/Src/stm32f4xx_hal.c ****   */
 459:Drivers/STM32F4xx_HAL_Driver/Src/stm32f4xx_hal.c **** uint32_t HAL_GetDEVID(void)
 460:Drivers/STM32F4xx_HAL_Driver/Src/stm32f4xx_hal.c **** {
 570              		.loc 1 460 0
ARM GAS  /tmp/ccwRjDp7.s 			page 19


 571              		.cfi_startproc
 572              		@ args = 0, pretend = 0, frame = 0
 573              		@ frame_needed = 0, uses_anonymous_args = 0
 574              		@ link register save eliminated.
 461:Drivers/STM32F4xx_HAL_Driver/Src/stm32f4xx_hal.c ****   return((DBGMCU->IDCODE) & IDCODE_DEVID_MASK);
 575              		.loc 1 461 0
 576 0000 024B     		ldr	r3, .L56
 577 0002 1868     		ldr	r0, [r3]
 462:Drivers/STM32F4xx_HAL_Driver/Src/stm32f4xx_hal.c **** }
 578              		.loc 1 462 0
 579 0004 C0F30B00 		ubfx	r0, r0, #0, #12
 580 0008 7047     		bx	lr
 581              	.L57:
 582 000a 00BF     		.align	2
 583              	.L56:
 584 000c 002004E0 		.word	-536600576
 585              		.cfi_endproc
 586              	.LFE145:
 588              		.section	.text.HAL_DBGMCU_EnableDBGSleepMode,"ax",%progbits
 589              		.align	1
 590              		.global	HAL_DBGMCU_EnableDBGSleepMode
 591              		.syntax unified
 592              		.thumb
 593              		.thumb_func
 594              		.fpu fpv4-sp-d16
 596              	HAL_DBGMCU_EnableDBGSleepMode:
 597              	.LFB146:
 463:Drivers/STM32F4xx_HAL_Driver/Src/stm32f4xx_hal.c **** 
 464:Drivers/STM32F4xx_HAL_Driver/Src/stm32f4xx_hal.c **** /**
 465:Drivers/STM32F4xx_HAL_Driver/Src/stm32f4xx_hal.c ****   * @brief  Enable the Debug Module during SLEEP mode
 466:Drivers/STM32F4xx_HAL_Driver/Src/stm32f4xx_hal.c ****   * @retval None
 467:Drivers/STM32F4xx_HAL_Driver/Src/stm32f4xx_hal.c ****   */
 468:Drivers/STM32F4xx_HAL_Driver/Src/stm32f4xx_hal.c **** void HAL_DBGMCU_EnableDBGSleepMode(void)
 469:Drivers/STM32F4xx_HAL_Driver/Src/stm32f4xx_hal.c **** {
 598              		.loc 1 469 0
 599              		.cfi_startproc
 600              		@ args = 0, pretend = 0, frame = 0
 601              		@ frame_needed = 0, uses_anonymous_args = 0
 602              		@ link register save eliminated.
 470:Drivers/STM32F4xx_HAL_Driver/Src/stm32f4xx_hal.c ****   SET_BIT(DBGMCU->CR, DBGMCU_CR_DBG_SLEEP);
 603              		.loc 1 470 0
 604 0000 024A     		ldr	r2, .L59
 605 0002 5368     		ldr	r3, [r2, #4]
 606 0004 43F00103 		orr	r3, r3, #1
 607 0008 5360     		str	r3, [r2, #4]
 608 000a 7047     		bx	lr
 609              	.L60:
 610              		.align	2
 611              	.L59:
 612 000c 002004E0 		.word	-536600576
 613              		.cfi_endproc
 614              	.LFE146:
 616              		.section	.text.HAL_DBGMCU_DisableDBGSleepMode,"ax",%progbits
 617              		.align	1
 618              		.global	HAL_DBGMCU_DisableDBGSleepMode
 619              		.syntax unified
 620              		.thumb
ARM GAS  /tmp/ccwRjDp7.s 			page 20


 621              		.thumb_func
 622              		.fpu fpv4-sp-d16
 624              	HAL_DBGMCU_DisableDBGSleepMode:
 625              	.LFB147:
 471:Drivers/STM32F4xx_HAL_Driver/Src/stm32f4xx_hal.c **** }
 472:Drivers/STM32F4xx_HAL_Driver/Src/stm32f4xx_hal.c **** 
 473:Drivers/STM32F4xx_HAL_Driver/Src/stm32f4xx_hal.c **** /**
 474:Drivers/STM32F4xx_HAL_Driver/Src/stm32f4xx_hal.c ****   * @brief  Disable the Debug Module during SLEEP mode
 475:Drivers/STM32F4xx_HAL_Driver/Src/stm32f4xx_hal.c ****   * @retval None
 476:Drivers/STM32F4xx_HAL_Driver/Src/stm32f4xx_hal.c ****   */
 477:Drivers/STM32F4xx_HAL_Driver/Src/stm32f4xx_hal.c **** void HAL_DBGMCU_DisableDBGSleepMode(void)
 478:Drivers/STM32F4xx_HAL_Driver/Src/stm32f4xx_hal.c **** {
 626              		.loc 1 478 0
 627              		.cfi_startproc
 628              		@ args = 0, pretend = 0, frame = 0
 629              		@ frame_needed = 0, uses_anonymous_args = 0
 630              		@ link register save eliminated.
 479:Drivers/STM32F4xx_HAL_Driver/Src/stm32f4xx_hal.c ****   CLEAR_BIT(DBGMCU->CR, DBGMCU_CR_DBG_SLEEP);
 631              		.loc 1 479 0
 632 0000 024A     		ldr	r2, .L62
 633 0002 5368     		ldr	r3, [r2, #4]
 634 0004 23F00103 		bic	r3, r3, #1
 635 0008 5360     		str	r3, [r2, #4]
 636 000a 7047     		bx	lr
 637              	.L63:
 638              		.align	2
 639              	.L62:
 640 000c 002004E0 		.word	-536600576
 641              		.cfi_endproc
 642              	.LFE147:
 644              		.section	.text.HAL_DBGMCU_EnableDBGStopMode,"ax",%progbits
 645              		.align	1
 646              		.global	HAL_DBGMCU_EnableDBGStopMode
 647              		.syntax unified
 648              		.thumb
 649              		.thumb_func
 650              		.fpu fpv4-sp-d16
 652              	HAL_DBGMCU_EnableDBGStopMode:
 653              	.LFB148:
 480:Drivers/STM32F4xx_HAL_Driver/Src/stm32f4xx_hal.c **** }
 481:Drivers/STM32F4xx_HAL_Driver/Src/stm32f4xx_hal.c **** 
 482:Drivers/STM32F4xx_HAL_Driver/Src/stm32f4xx_hal.c **** /**
 483:Drivers/STM32F4xx_HAL_Driver/Src/stm32f4xx_hal.c ****   * @brief  Enable the Debug Module during STOP mode
 484:Drivers/STM32F4xx_HAL_Driver/Src/stm32f4xx_hal.c ****   * @retval None
 485:Drivers/STM32F4xx_HAL_Driver/Src/stm32f4xx_hal.c ****   */
 486:Drivers/STM32F4xx_HAL_Driver/Src/stm32f4xx_hal.c **** void HAL_DBGMCU_EnableDBGStopMode(void)
 487:Drivers/STM32F4xx_HAL_Driver/Src/stm32f4xx_hal.c **** {
 654              		.loc 1 487 0
 655              		.cfi_startproc
 656              		@ args = 0, pretend = 0, frame = 0
 657              		@ frame_needed = 0, uses_anonymous_args = 0
 658              		@ link register save eliminated.
 488:Drivers/STM32F4xx_HAL_Driver/Src/stm32f4xx_hal.c ****   SET_BIT(DBGMCU->CR, DBGMCU_CR_DBG_STOP);
 659              		.loc 1 488 0
 660 0000 024A     		ldr	r2, .L65
 661 0002 5368     		ldr	r3, [r2, #4]
 662 0004 43F00203 		orr	r3, r3, #2
ARM GAS  /tmp/ccwRjDp7.s 			page 21


 663 0008 5360     		str	r3, [r2, #4]
 664 000a 7047     		bx	lr
 665              	.L66:
 666              		.align	2
 667              	.L65:
 668 000c 002004E0 		.word	-536600576
 669              		.cfi_endproc
 670              	.LFE148:
 672              		.section	.text.HAL_DBGMCU_DisableDBGStopMode,"ax",%progbits
 673              		.align	1
 674              		.global	HAL_DBGMCU_DisableDBGStopMode
 675              		.syntax unified
 676              		.thumb
 677              		.thumb_func
 678              		.fpu fpv4-sp-d16
 680              	HAL_DBGMCU_DisableDBGStopMode:
 681              	.LFB149:
 489:Drivers/STM32F4xx_HAL_Driver/Src/stm32f4xx_hal.c **** }
 490:Drivers/STM32F4xx_HAL_Driver/Src/stm32f4xx_hal.c **** 
 491:Drivers/STM32F4xx_HAL_Driver/Src/stm32f4xx_hal.c **** /**
 492:Drivers/STM32F4xx_HAL_Driver/Src/stm32f4xx_hal.c ****   * @brief  Disable the Debug Module during STOP mode
 493:Drivers/STM32F4xx_HAL_Driver/Src/stm32f4xx_hal.c ****   * @retval None
 494:Drivers/STM32F4xx_HAL_Driver/Src/stm32f4xx_hal.c ****   */
 495:Drivers/STM32F4xx_HAL_Driver/Src/stm32f4xx_hal.c **** void HAL_DBGMCU_DisableDBGStopMode(void)
 496:Drivers/STM32F4xx_HAL_Driver/Src/stm32f4xx_hal.c **** {
 682              		.loc 1 496 0
 683              		.cfi_startproc
 684              		@ args = 0, pretend = 0, frame = 0
 685              		@ frame_needed = 0, uses_anonymous_args = 0
 686              		@ link register save eliminated.
 497:Drivers/STM32F4xx_HAL_Driver/Src/stm32f4xx_hal.c ****   CLEAR_BIT(DBGMCU->CR, DBGMCU_CR_DBG_STOP);
 687              		.loc 1 497 0
 688 0000 024A     		ldr	r2, .L68
 689 0002 5368     		ldr	r3, [r2, #4]
 690 0004 23F00203 		bic	r3, r3, #2
 691 0008 5360     		str	r3, [r2, #4]
 692 000a 7047     		bx	lr
 693              	.L69:
 694              		.align	2
 695              	.L68:
 696 000c 002004E0 		.word	-536600576
 697              		.cfi_endproc
 698              	.LFE149:
 700              		.section	.text.HAL_DBGMCU_EnableDBGStandbyMode,"ax",%progbits
 701              		.align	1
 702              		.global	HAL_DBGMCU_EnableDBGStandbyMode
 703              		.syntax unified
 704              		.thumb
 705              		.thumb_func
 706              		.fpu fpv4-sp-d16
 708              	HAL_DBGMCU_EnableDBGStandbyMode:
 709              	.LFB150:
 498:Drivers/STM32F4xx_HAL_Driver/Src/stm32f4xx_hal.c **** }
 499:Drivers/STM32F4xx_HAL_Driver/Src/stm32f4xx_hal.c **** 
 500:Drivers/STM32F4xx_HAL_Driver/Src/stm32f4xx_hal.c **** /**
 501:Drivers/STM32F4xx_HAL_Driver/Src/stm32f4xx_hal.c ****   * @brief  Enable the Debug Module during STANDBY mode
 502:Drivers/STM32F4xx_HAL_Driver/Src/stm32f4xx_hal.c ****   * @retval None
ARM GAS  /tmp/ccwRjDp7.s 			page 22


 503:Drivers/STM32F4xx_HAL_Driver/Src/stm32f4xx_hal.c ****   */
 504:Drivers/STM32F4xx_HAL_Driver/Src/stm32f4xx_hal.c **** void HAL_DBGMCU_EnableDBGStandbyMode(void)
 505:Drivers/STM32F4xx_HAL_Driver/Src/stm32f4xx_hal.c **** {
 710              		.loc 1 505 0
 711              		.cfi_startproc
 712              		@ args = 0, pretend = 0, frame = 0
 713              		@ frame_needed = 0, uses_anonymous_args = 0
 714              		@ link register save eliminated.
 506:Drivers/STM32F4xx_HAL_Driver/Src/stm32f4xx_hal.c ****   SET_BIT(DBGMCU->CR, DBGMCU_CR_DBG_STANDBY);
 715              		.loc 1 506 0
 716 0000 024A     		ldr	r2, .L71
 717 0002 5368     		ldr	r3, [r2, #4]
 718 0004 43F00403 		orr	r3, r3, #4
 719 0008 5360     		str	r3, [r2, #4]
 720 000a 7047     		bx	lr
 721              	.L72:
 722              		.align	2
 723              	.L71:
 724 000c 002004E0 		.word	-536600576
 725              		.cfi_endproc
 726              	.LFE150:
 728              		.section	.text.HAL_DBGMCU_DisableDBGStandbyMode,"ax",%progbits
 729              		.align	1
 730              		.global	HAL_DBGMCU_DisableDBGStandbyMode
 731              		.syntax unified
 732              		.thumb
 733              		.thumb_func
 734              		.fpu fpv4-sp-d16
 736              	HAL_DBGMCU_DisableDBGStandbyMode:
 737              	.LFB151:
 507:Drivers/STM32F4xx_HAL_Driver/Src/stm32f4xx_hal.c **** }
 508:Drivers/STM32F4xx_HAL_Driver/Src/stm32f4xx_hal.c **** 
 509:Drivers/STM32F4xx_HAL_Driver/Src/stm32f4xx_hal.c **** /**
 510:Drivers/STM32F4xx_HAL_Driver/Src/stm32f4xx_hal.c ****   * @brief  Disable the Debug Module during STANDBY mode
 511:Drivers/STM32F4xx_HAL_Driver/Src/stm32f4xx_hal.c ****   * @retval None
 512:Drivers/STM32F4xx_HAL_Driver/Src/stm32f4xx_hal.c ****   */
 513:Drivers/STM32F4xx_HAL_Driver/Src/stm32f4xx_hal.c **** void HAL_DBGMCU_DisableDBGStandbyMode(void)
 514:Drivers/STM32F4xx_HAL_Driver/Src/stm32f4xx_hal.c **** {
 738              		.loc 1 514 0
 739              		.cfi_startproc
 740              		@ args = 0, pretend = 0, frame = 0
 741              		@ frame_needed = 0, uses_anonymous_args = 0
 742              		@ link register save eliminated.
 515:Drivers/STM32F4xx_HAL_Driver/Src/stm32f4xx_hal.c ****   CLEAR_BIT(DBGMCU->CR, DBGMCU_CR_DBG_STANDBY);
 743              		.loc 1 515 0
 744 0000 024A     		ldr	r2, .L74
 745 0002 5368     		ldr	r3, [r2, #4]
 746 0004 23F00403 		bic	r3, r3, #4
 747 0008 5360     		str	r3, [r2, #4]
 748 000a 7047     		bx	lr
 749              	.L75:
 750              		.align	2
 751              	.L74:
 752 000c 002004E0 		.word	-536600576
 753              		.cfi_endproc
 754              	.LFE151:
 756              		.section	.text.HAL_EnableCompensationCell,"ax",%progbits
ARM GAS  /tmp/ccwRjDp7.s 			page 23


 757              		.align	1
 758              		.global	HAL_EnableCompensationCell
 759              		.syntax unified
 760              		.thumb
 761              		.thumb_func
 762              		.fpu fpv4-sp-d16
 764              	HAL_EnableCompensationCell:
 765              	.LFB152:
 516:Drivers/STM32F4xx_HAL_Driver/Src/stm32f4xx_hal.c **** }
 517:Drivers/STM32F4xx_HAL_Driver/Src/stm32f4xx_hal.c **** 
 518:Drivers/STM32F4xx_HAL_Driver/Src/stm32f4xx_hal.c **** /**
 519:Drivers/STM32F4xx_HAL_Driver/Src/stm32f4xx_hal.c ****   * @brief  Enables the I/O Compensation Cell.
 520:Drivers/STM32F4xx_HAL_Driver/Src/stm32f4xx_hal.c ****   * @note   The I/O compensation cell can be used only when the device supply
 521:Drivers/STM32F4xx_HAL_Driver/Src/stm32f4xx_hal.c ****   *         voltage ranges from 2.4 to 3.6 V.  
 522:Drivers/STM32F4xx_HAL_Driver/Src/stm32f4xx_hal.c ****   * @retval None
 523:Drivers/STM32F4xx_HAL_Driver/Src/stm32f4xx_hal.c ****   */
 524:Drivers/STM32F4xx_HAL_Driver/Src/stm32f4xx_hal.c **** void HAL_EnableCompensationCell(void)
 525:Drivers/STM32F4xx_HAL_Driver/Src/stm32f4xx_hal.c **** {
 766              		.loc 1 525 0
 767              		.cfi_startproc
 768              		@ args = 0, pretend = 0, frame = 0
 769              		@ frame_needed = 0, uses_anonymous_args = 0
 770              		@ link register save eliminated.
 526:Drivers/STM32F4xx_HAL_Driver/Src/stm32f4xx_hal.c ****   *(__IO uint32_t *)CMPCR_CMP_PD_BB = (uint32_t)ENABLE;
 771              		.loc 1 526 0
 772 0000 0122     		movs	r2, #1
 773 0002 014B     		ldr	r3, .L77
 774 0004 1A60     		str	r2, [r3]
 775 0006 7047     		bx	lr
 776              	.L78:
 777              		.align	2
 778              	.L77:
 779 0008 00042742 		.word	1109853184
 780              		.cfi_endproc
 781              	.LFE152:
 783              		.section	.text.HAL_DisableCompensationCell,"ax",%progbits
 784              		.align	1
 785              		.global	HAL_DisableCompensationCell
 786              		.syntax unified
 787              		.thumb
 788              		.thumb_func
 789              		.fpu fpv4-sp-d16
 791              	HAL_DisableCompensationCell:
 792              	.LFB153:
 527:Drivers/STM32F4xx_HAL_Driver/Src/stm32f4xx_hal.c **** }
 528:Drivers/STM32F4xx_HAL_Driver/Src/stm32f4xx_hal.c **** 
 529:Drivers/STM32F4xx_HAL_Driver/Src/stm32f4xx_hal.c **** /**
 530:Drivers/STM32F4xx_HAL_Driver/Src/stm32f4xx_hal.c ****   * @brief  Power-down the I/O Compensation Cell.
 531:Drivers/STM32F4xx_HAL_Driver/Src/stm32f4xx_hal.c ****   * @note   The I/O compensation cell can be used only when the device supply
 532:Drivers/STM32F4xx_HAL_Driver/Src/stm32f4xx_hal.c ****   *         voltage ranges from 2.4 to 3.6 V.  
 533:Drivers/STM32F4xx_HAL_Driver/Src/stm32f4xx_hal.c ****   * @retval None
 534:Drivers/STM32F4xx_HAL_Driver/Src/stm32f4xx_hal.c ****   */
 535:Drivers/STM32F4xx_HAL_Driver/Src/stm32f4xx_hal.c **** void HAL_DisableCompensationCell(void)
 536:Drivers/STM32F4xx_HAL_Driver/Src/stm32f4xx_hal.c **** {
 793              		.loc 1 536 0
 794              		.cfi_startproc
 795              		@ args = 0, pretend = 0, frame = 0
ARM GAS  /tmp/ccwRjDp7.s 			page 24


 796              		@ frame_needed = 0, uses_anonymous_args = 0
 797              		@ link register save eliminated.
 537:Drivers/STM32F4xx_HAL_Driver/Src/stm32f4xx_hal.c ****   *(__IO uint32_t *)CMPCR_CMP_PD_BB = (uint32_t)DISABLE;
 798              		.loc 1 537 0
 799 0000 0022     		movs	r2, #0
 800 0002 014B     		ldr	r3, .L80
 801 0004 1A60     		str	r2, [r3]
 802 0006 7047     		bx	lr
 803              	.L81:
 804              		.align	2
 805              	.L80:
 806 0008 00042742 		.word	1109853184
 807              		.cfi_endproc
 808              	.LFE153:
 810              		.section	.text.HAL_GetUIDw0,"ax",%progbits
 811              		.align	1
 812              		.global	HAL_GetUIDw0
 813              		.syntax unified
 814              		.thumb
 815              		.thumb_func
 816              		.fpu fpv4-sp-d16
 818              	HAL_GetUIDw0:
 819              	.LFB154:
 538:Drivers/STM32F4xx_HAL_Driver/Src/stm32f4xx_hal.c **** }
 539:Drivers/STM32F4xx_HAL_Driver/Src/stm32f4xx_hal.c **** 
 540:Drivers/STM32F4xx_HAL_Driver/Src/stm32f4xx_hal.c **** /**
 541:Drivers/STM32F4xx_HAL_Driver/Src/stm32f4xx_hal.c ****   * @brief  Returns first word of the unique device identifier (UID based on 96 bits)
 542:Drivers/STM32F4xx_HAL_Driver/Src/stm32f4xx_hal.c ****   * @retval Device identifier
 543:Drivers/STM32F4xx_HAL_Driver/Src/stm32f4xx_hal.c ****   */
 544:Drivers/STM32F4xx_HAL_Driver/Src/stm32f4xx_hal.c **** uint32_t HAL_GetUIDw0(void)
 545:Drivers/STM32F4xx_HAL_Driver/Src/stm32f4xx_hal.c **** {
 820              		.loc 1 545 0
 821              		.cfi_startproc
 822              		@ args = 0, pretend = 0, frame = 0
 823              		@ frame_needed = 0, uses_anonymous_args = 0
 824              		@ link register save eliminated.
 546:Drivers/STM32F4xx_HAL_Driver/Src/stm32f4xx_hal.c ****   return (READ_REG(*((uint32_t *)UID_BASE)));
 547:Drivers/STM32F4xx_HAL_Driver/Src/stm32f4xx_hal.c **** }
 825              		.loc 1 547 0
 826 0000 014B     		ldr	r3, .L83
 827 0002 1868     		ldr	r0, [r3]
 828 0004 7047     		bx	lr
 829              	.L84:
 830 0006 00BF     		.align	2
 831              	.L83:
 832 0008 107AFF1F 		.word	536836624
 833              		.cfi_endproc
 834              	.LFE154:
 836              		.section	.text.HAL_GetUIDw1,"ax",%progbits
 837              		.align	1
 838              		.global	HAL_GetUIDw1
 839              		.syntax unified
 840              		.thumb
 841              		.thumb_func
 842              		.fpu fpv4-sp-d16
 844              	HAL_GetUIDw1:
 845              	.LFB155:
ARM GAS  /tmp/ccwRjDp7.s 			page 25


 548:Drivers/STM32F4xx_HAL_Driver/Src/stm32f4xx_hal.c **** 
 549:Drivers/STM32F4xx_HAL_Driver/Src/stm32f4xx_hal.c **** /**
 550:Drivers/STM32F4xx_HAL_Driver/Src/stm32f4xx_hal.c ****   * @brief  Returns second word of the unique device identifier (UID based on 96 bits)
 551:Drivers/STM32F4xx_HAL_Driver/Src/stm32f4xx_hal.c ****   * @retval Device identifier
 552:Drivers/STM32F4xx_HAL_Driver/Src/stm32f4xx_hal.c ****   */
 553:Drivers/STM32F4xx_HAL_Driver/Src/stm32f4xx_hal.c **** uint32_t HAL_GetUIDw1(void)
 554:Drivers/STM32F4xx_HAL_Driver/Src/stm32f4xx_hal.c **** {
 846              		.loc 1 554 0
 847              		.cfi_startproc
 848              		@ args = 0, pretend = 0, frame = 0
 849              		@ frame_needed = 0, uses_anonymous_args = 0
 850              		@ link register save eliminated.
 555:Drivers/STM32F4xx_HAL_Driver/Src/stm32f4xx_hal.c ****   return (READ_REG(*((uint32_t *)(UID_BASE + 4U))));
 556:Drivers/STM32F4xx_HAL_Driver/Src/stm32f4xx_hal.c **** }
 851              		.loc 1 556 0
 852 0000 014B     		ldr	r3, .L86
 853 0002 1868     		ldr	r0, [r3]
 854 0004 7047     		bx	lr
 855              	.L87:
 856 0006 00BF     		.align	2
 857              	.L86:
 858 0008 147AFF1F 		.word	536836628
 859              		.cfi_endproc
 860              	.LFE155:
 862              		.section	.text.HAL_GetUIDw2,"ax",%progbits
 863              		.align	1
 864              		.global	HAL_GetUIDw2
 865              		.syntax unified
 866              		.thumb
 867              		.thumb_func
 868              		.fpu fpv4-sp-d16
 870              	HAL_GetUIDw2:
 871              	.LFB156:
 557:Drivers/STM32F4xx_HAL_Driver/Src/stm32f4xx_hal.c **** 
 558:Drivers/STM32F4xx_HAL_Driver/Src/stm32f4xx_hal.c **** /**
 559:Drivers/STM32F4xx_HAL_Driver/Src/stm32f4xx_hal.c ****   * @brief  Returns third word of the unique device identifier (UID based on 96 bits)
 560:Drivers/STM32F4xx_HAL_Driver/Src/stm32f4xx_hal.c ****   * @retval Device identifier
 561:Drivers/STM32F4xx_HAL_Driver/Src/stm32f4xx_hal.c ****   */
 562:Drivers/STM32F4xx_HAL_Driver/Src/stm32f4xx_hal.c **** uint32_t HAL_GetUIDw2(void)
 563:Drivers/STM32F4xx_HAL_Driver/Src/stm32f4xx_hal.c **** {
 872              		.loc 1 563 0
 873              		.cfi_startproc
 874              		@ args = 0, pretend = 0, frame = 0
 875              		@ frame_needed = 0, uses_anonymous_args = 0
 876              		@ link register save eliminated.
 564:Drivers/STM32F4xx_HAL_Driver/Src/stm32f4xx_hal.c ****   return (READ_REG(*((uint32_t *)(UID_BASE + 8U))));
 565:Drivers/STM32F4xx_HAL_Driver/Src/stm32f4xx_hal.c **** }
 877              		.loc 1 565 0
 878 0000 014B     		ldr	r3, .L89
 879 0002 1868     		ldr	r0, [r3]
 880 0004 7047     		bx	lr
 881              	.L90:
 882 0006 00BF     		.align	2
 883              	.L89:
 884 0008 187AFF1F 		.word	536836632
 885              		.cfi_endproc
 886              	.LFE156:
ARM GAS  /tmp/ccwRjDp7.s 			page 26


 888              		.global	uwTickFreq
 889              		.global	uwTickPrio
 890              		.comm	uwTick,4,4
 891              		.section	.data.uwTickFreq,"aw",%progbits
 892              		.set	.LANCHOR0,. + 0
 895              	uwTickFreq:
 896 0000 01       		.byte	1
 897              		.section	.data.uwTickPrio,"aw",%progbits
 898              		.align	2
 899              		.set	.LANCHOR1,. + 0
 902              	uwTickPrio:
 903 0000 10000000 		.word	16
 904              		.text
 905              	.Letext0:
 906              		.file 2 "/usr/include/newlib/machine/_default_types.h"
 907              		.file 3 "/usr/include/newlib/sys/_stdint.h"
 908              		.file 4 "Drivers/CMSIS/Include/core_cm4.h"
 909              		.file 5 "Drivers/CMSIS/Device/ST/STM32F4xx/Include/system_stm32f4xx.h"
 910              		.file 6 "Drivers/CMSIS/Device/ST/STM32F4xx/Include/stm32f413xx.h"
 911              		.file 7 "Drivers/CMSIS/Device/ST/STM32F4xx/Include/stm32f4xx.h"
 912              		.file 8 "Drivers/STM32F4xx_HAL_Driver/Inc/stm32f4xx_hal_def.h"
 913              		.file 9 "Drivers/STM32F4xx_HAL_Driver/Inc/stm32f4xx_hal.h"
 914              		.file 10 "Drivers/STM32F4xx_HAL_Driver/Inc/stm32f4xx_hal_cortex.h"
ARM GAS  /tmp/ccwRjDp7.s 			page 27


DEFINED SYMBOLS
                            *ABS*:0000000000000000 stm32f4xx_hal.c
     /tmp/ccwRjDp7.s:18     .text.HAL_MspInit:0000000000000000 $t
     /tmp/ccwRjDp7.s:25     .text.HAL_MspInit:0000000000000000 HAL_MspInit
     /tmp/ccwRjDp7.s:38     .text.HAL_MspDeInit:0000000000000000 $t
     /tmp/ccwRjDp7.s:45     .text.HAL_MspDeInit:0000000000000000 HAL_MspDeInit
     /tmp/ccwRjDp7.s:57     .text.HAL_DeInit:0000000000000000 $t
     /tmp/ccwRjDp7.s:64     .text.HAL_DeInit:0000000000000000 HAL_DeInit
     /tmp/ccwRjDp7.s:107    .text.HAL_DeInit:0000000000000028 $d
     /tmp/ccwRjDp7.s:112    .text.HAL_InitTick:0000000000000000 $t
     /tmp/ccwRjDp7.s:119    .text.HAL_InitTick:0000000000000000 HAL_InitTick
     /tmp/ccwRjDp7.s:173    .text.HAL_InitTick:0000000000000040 $d
     /tmp/ccwRjDp7.s:180    .text.HAL_Init:0000000000000000 $t
     /tmp/ccwRjDp7.s:187    .text.HAL_Init:0000000000000000 HAL_Init
     /tmp/ccwRjDp7.s:227    .text.HAL_Init:0000000000000030 $d
     /tmp/ccwRjDp7.s:232    .text.HAL_IncTick:0000000000000000 $t
     /tmp/ccwRjDp7.s:239    .text.HAL_IncTick:0000000000000000 HAL_IncTick
     /tmp/ccwRjDp7.s:257    .text.HAL_IncTick:0000000000000010 $d
                            *COM*:0000000000000004 uwTick
     /tmp/ccwRjDp7.s:263    .text.HAL_GetTick:0000000000000000 $t
     /tmp/ccwRjDp7.s:270    .text.HAL_GetTick:0000000000000000 HAL_GetTick
     /tmp/ccwRjDp7.s:285    .text.HAL_GetTick:0000000000000008 $d
     /tmp/ccwRjDp7.s:290    .text.HAL_GetTickPrio:0000000000000000 $t
     /tmp/ccwRjDp7.s:297    .text.HAL_GetTickPrio:0000000000000000 HAL_GetTickPrio
     /tmp/ccwRjDp7.s:311    .text.HAL_GetTickPrio:0000000000000008 $d
     /tmp/ccwRjDp7.s:316    .text.HAL_SetTickFreq:0000000000000000 $t
     /tmp/ccwRjDp7.s:323    .text.HAL_SetTickFreq:0000000000000000 HAL_SetTickFreq
     /tmp/ccwRjDp7.s:368    .text.HAL_SetTickFreq:0000000000000024 $d
     /tmp/ccwRjDp7.s:374    .text.HAL_GetTickFreq:0000000000000000 $t
     /tmp/ccwRjDp7.s:381    .text.HAL_GetTickFreq:0000000000000000 HAL_GetTickFreq
     /tmp/ccwRjDp7.s:395    .text.HAL_GetTickFreq:0000000000000008 $d
     /tmp/ccwRjDp7.s:400    .text.HAL_Delay:0000000000000000 $t
     /tmp/ccwRjDp7.s:407    .text.HAL_Delay:0000000000000000 HAL_Delay
     /tmp/ccwRjDp7.s:447    .text.HAL_Delay:0000000000000024 $d
     /tmp/ccwRjDp7.s:452    .text.HAL_SuspendTick:0000000000000000 $t
     /tmp/ccwRjDp7.s:459    .text.HAL_SuspendTick:0000000000000000 HAL_SuspendTick
     /tmp/ccwRjDp7.s:475    .text.HAL_SuspendTick:000000000000000c $d
     /tmp/ccwRjDp7.s:480    .text.HAL_ResumeTick:0000000000000000 $t
     /tmp/ccwRjDp7.s:487    .text.HAL_ResumeTick:0000000000000000 HAL_ResumeTick
     /tmp/ccwRjDp7.s:503    .text.HAL_ResumeTick:000000000000000c $d
     /tmp/ccwRjDp7.s:508    .text.HAL_GetHalVersion:0000000000000000 $t
     /tmp/ccwRjDp7.s:515    .text.HAL_GetHalVersion:0000000000000000 HAL_GetHalVersion
     /tmp/ccwRjDp7.s:528    .text.HAL_GetHalVersion:0000000000000004 $d
     /tmp/ccwRjDp7.s:533    .text.HAL_GetREVID:0000000000000000 $t
     /tmp/ccwRjDp7.s:540    .text.HAL_GetREVID:0000000000000000 HAL_GetREVID
     /tmp/ccwRjDp7.s:556    .text.HAL_GetREVID:0000000000000008 $d
     /tmp/ccwRjDp7.s:561    .text.HAL_GetDEVID:0000000000000000 $t
     /tmp/ccwRjDp7.s:568    .text.HAL_GetDEVID:0000000000000000 HAL_GetDEVID
     /tmp/ccwRjDp7.s:584    .text.HAL_GetDEVID:000000000000000c $d
     /tmp/ccwRjDp7.s:589    .text.HAL_DBGMCU_EnableDBGSleepMode:0000000000000000 $t
     /tmp/ccwRjDp7.s:596    .text.HAL_DBGMCU_EnableDBGSleepMode:0000000000000000 HAL_DBGMCU_EnableDBGSleepMode
     /tmp/ccwRjDp7.s:612    .text.HAL_DBGMCU_EnableDBGSleepMode:000000000000000c $d
     /tmp/ccwRjDp7.s:617    .text.HAL_DBGMCU_DisableDBGSleepMode:0000000000000000 $t
     /tmp/ccwRjDp7.s:624    .text.HAL_DBGMCU_DisableDBGSleepMode:0000000000000000 HAL_DBGMCU_DisableDBGSleepMode
     /tmp/ccwRjDp7.s:640    .text.HAL_DBGMCU_DisableDBGSleepMode:000000000000000c $d
     /tmp/ccwRjDp7.s:645    .text.HAL_DBGMCU_EnableDBGStopMode:0000000000000000 $t
     /tmp/ccwRjDp7.s:652    .text.HAL_DBGMCU_EnableDBGStopMode:0000000000000000 HAL_DBGMCU_EnableDBGStopMode
ARM GAS  /tmp/ccwRjDp7.s 			page 28


     /tmp/ccwRjDp7.s:668    .text.HAL_DBGMCU_EnableDBGStopMode:000000000000000c $d
     /tmp/ccwRjDp7.s:673    .text.HAL_DBGMCU_DisableDBGStopMode:0000000000000000 $t
     /tmp/ccwRjDp7.s:680    .text.HAL_DBGMCU_DisableDBGStopMode:0000000000000000 HAL_DBGMCU_DisableDBGStopMode
     /tmp/ccwRjDp7.s:696    .text.HAL_DBGMCU_DisableDBGStopMode:000000000000000c $d
     /tmp/ccwRjDp7.s:701    .text.HAL_DBGMCU_EnableDBGStandbyMode:0000000000000000 $t
     /tmp/ccwRjDp7.s:708    .text.HAL_DBGMCU_EnableDBGStandbyMode:0000000000000000 HAL_DBGMCU_EnableDBGStandbyMode
     /tmp/ccwRjDp7.s:724    .text.HAL_DBGMCU_EnableDBGStandbyMode:000000000000000c $d
     /tmp/ccwRjDp7.s:729    .text.HAL_DBGMCU_DisableDBGStandbyMode:0000000000000000 $t
     /tmp/ccwRjDp7.s:736    .text.HAL_DBGMCU_DisableDBGStandbyMode:0000000000000000 HAL_DBGMCU_DisableDBGStandbyMode
     /tmp/ccwRjDp7.s:752    .text.HAL_DBGMCU_DisableDBGStandbyMode:000000000000000c $d
     /tmp/ccwRjDp7.s:757    .text.HAL_EnableCompensationCell:0000000000000000 $t
     /tmp/ccwRjDp7.s:764    .text.HAL_EnableCompensationCell:0000000000000000 HAL_EnableCompensationCell
     /tmp/ccwRjDp7.s:779    .text.HAL_EnableCompensationCell:0000000000000008 $d
     /tmp/ccwRjDp7.s:784    .text.HAL_DisableCompensationCell:0000000000000000 $t
     /tmp/ccwRjDp7.s:791    .text.HAL_DisableCompensationCell:0000000000000000 HAL_DisableCompensationCell
     /tmp/ccwRjDp7.s:806    .text.HAL_DisableCompensationCell:0000000000000008 $d
     /tmp/ccwRjDp7.s:811    .text.HAL_GetUIDw0:0000000000000000 $t
     /tmp/ccwRjDp7.s:818    .text.HAL_GetUIDw0:0000000000000000 HAL_GetUIDw0
     /tmp/ccwRjDp7.s:832    .text.HAL_GetUIDw0:0000000000000008 $d
     /tmp/ccwRjDp7.s:837    .text.HAL_GetUIDw1:0000000000000000 $t
     /tmp/ccwRjDp7.s:844    .text.HAL_GetUIDw1:0000000000000000 HAL_GetUIDw1
     /tmp/ccwRjDp7.s:858    .text.HAL_GetUIDw1:0000000000000008 $d
     /tmp/ccwRjDp7.s:863    .text.HAL_GetUIDw2:0000000000000000 $t
     /tmp/ccwRjDp7.s:870    .text.HAL_GetUIDw2:0000000000000000 HAL_GetUIDw2
     /tmp/ccwRjDp7.s:884    .text.HAL_GetUIDw2:0000000000000008 $d
     /tmp/ccwRjDp7.s:895    .data.uwTickFreq:0000000000000000 uwTickFreq
     /tmp/ccwRjDp7.s:902    .data.uwTickPrio:0000000000000000 uwTickPrio
     /tmp/ccwRjDp7.s:898    .data.uwTickPrio:0000000000000000 $d
                     .debug_frame:0000000000000010 $d

UNDEFINED SYMBOLS
HAL_SYSTICK_Config
HAL_NVIC_SetPriority
SystemCoreClock
HAL_NVIC_SetPriorityGrouping
